2021-07-30 22:25:52.339 INFO  org.hibernate.validator.internal.util.Version     :21   [32m                  [0;39m HV000001: Hibernate Validator 6.1.5.Final
2021-07-30 22:25:52.358 INFO  com.cq.hwh.config.LoveHwhApplication              :55   [32m                  [0;39m Starting LoveHwhApplication on LAPTOP-T0P8U4U3 with PID 5440 (D:\IdeaProjects\loveHWH\target\classes started by 程崎 in D:\IdeaProjects\loveHWH)
2021-07-30 22:25:52.359 INFO  com.cq.hwh.config.LoveHwhApplication              :651  [32m                  [0;39m No active profile set, falling back to default profiles: default
2021-07-30 22:25:52.403 INFO  o.s.b.d.env.DevToolsPropertyDefaultsPostProcessor :225  [32m                  [0;39m Devtools property defaults active! Set 'spring.devtools.add-properties' to 'false' to disable
2021-07-30 22:25:52.404 INFO  o.s.b.d.env.DevToolsPropertyDefaultsPostProcessor :225  [32m                  [0;39m For additional web related logging consider setting the 'logging.level.web' property to 'DEBUG'
2021-07-30 22:25:53.875 INFO  o.s.boot.web.embedded.tomcat.TomcatWebServer      :108  [32m                  [0;39m Tomcat initialized with port(s): 8880 (http)
2021-07-30 22:25:53.875 INFO  org.apache.coyote.http11.Http11NioProtocol        :173  [32m                  [0;39m Initializing ProtocolHandler ["http-nio-8880"]
2021-07-30 22:25:53.891 INFO  org.apache.catalina.core.StandardService          :173  [32m                  [0;39m Starting service [Tomcat]
2021-07-30 22:25:53.891 INFO  org.apache.catalina.core.StandardEngine           :173  [32m                  [0;39m Starting Servlet engine: [Apache Tomcat/9.0.37]
2021-07-30 22:25:53.891 INFO  org.apache.catalina.core.AprLifecycleListener     :173  [32m                  [0;39m An older version [1.2.14] of the Apache Tomcat Native library is installed, while Tomcat recommends a minimum version of [1.2.23]
2021-07-30 22:25:53.891 INFO  org.apache.catalina.core.AprLifecycleListener     :173  [32m                  [0;39m Loaded Apache Tomcat Native library [1.2.14] using APR version [1.6.2].
2021-07-30 22:25:53.891 INFO  org.apache.catalina.core.AprLifecycleListener     :173  [32m                  [0;39m APR capabilities: IPv6 [true], sendfile [true], accept filters [false], random [true].
2021-07-30 22:25:53.891 INFO  org.apache.catalina.core.AprLifecycleListener     :173  [32m                  [0;39m APR/OpenSSL configuration: useAprConnector [false], useOpenSSL [true]
2021-07-30 22:25:54.924 INFO  org.apache.catalina.core.AprLifecycleListener     :173  [32m                  [0;39m OpenSSL successfully initialized [OpenSSL 1.0.2l  25 May 2017]
2021-07-30 22:25:54.989 INFO  o.a.c.core.ContainerBase.[Tomcat].[localhost].[/] :173  [32m                  [0;39m Initializing Spring embedded WebApplicationContext
2021-07-30 22:25:54.989 INFO  o.s.b.w.s.c.ServletWebServerApplicationContext    :285  [32m                  [0;39m Root WebApplicationContext: initialization completed in 2585 ms
2021-07-30 22:25:55.933 INFO  o.s.scheduling.concurrent.ThreadPoolTaskExecutor  :181  [32m                  [0;39m Initializing ExecutorService 'applicationTaskExecutor'
2021-07-30 22:25:56.001 INFO  o.s.b.d.autoconfigure.OptionalLiveReloadServer    :58   [32m                  [0;39m LiveReload server is running on port 35729
2021-07-30 22:25:56.234 INFO  org.apache.coyote.http11.Http11NioProtocol        :173  [32m                  [0;39m Starting ProtocolHandler ["http-nio-8880"]
2021-07-30 22:25:56.250 INFO  o.s.boot.web.embedded.tomcat.TomcatWebServer      :220  [32m                  [0;39m Tomcat started on port(s): 8880 (http) with context path ''
2021-07-30 22:25:56.482 INFO  com.cq.hwh.config.LoveHwhApplication              :61   [32m                  [0;39m Started LoveHwhApplication in 4.558 seconds (JVM running for 5.307)
2021-07-30 22:25:56.482 INFO  com.cq.hwh.config.LoveHwhApplication              :21   [32m                  [0;39m 启动成功！！
2021-07-30 22:25:56.482 INFO  com.cq.hwh.config.LoveHwhApplication              :22   [32m                  [0;39m 地址: 	http://127.0.0.1:8880
2021-07-30 22:25:57.958 INFO  org.apache.tomcat.util.http.parser.Cookie         :173  [32m                  [0;39m A cookie header was received [1621348084] that contained an invalid cookie. That cookie will be ignored.
 Note: further occurrences of this error will be logged at DEBUG level.
2021-07-30 22:25:57.963 INFO  o.a.c.core.ContainerBase.[Tomcat].[localhost].[/] :173  [32m                  [0;39m Initializing Spring DispatcherServlet 'dispatcherServlet'
2021-07-30 22:25:57.963 INFO  org.springframework.web.servlet.DispatcherServlet :525  [32m                  [0;39m Initializing Servlet 'dispatcherServlet'
2021-07-30 22:25:57.973 INFO  org.springframework.web.servlet.DispatcherServlet :547  [32m                  [0;39m Completed initialization in 9 ms
2021-07-30 22:28:25.198 INFO  o.s.scheduling.concurrent.ThreadPoolTaskExecutor  :218  [32m                  [0;39m Shutting down ExecutorService 'applicationTaskExecutor'
2021-07-30 22:28:25.370 INFO  com.cq.hwh.config.LoveHwhApplication              :55   [32m                  [0;39m Starting LoveHwhApplication on LAPTOP-T0P8U4U3 with PID 5440 (D:\IdeaProjects\loveHWH\target\classes started by 程崎 in D:\IdeaProjects\loveHWH)
2021-07-30 22:28:25.370 INFO  com.cq.hwh.config.LoveHwhApplication              :651  [32m                  [0;39m No active profile set, falling back to default profiles: default
2021-07-30 22:28:25.848 INFO  o.s.boot.web.embedded.tomcat.TomcatWebServer      :108  [32m                  [0;39m Tomcat initialized with port(s): 8880 (http)
2021-07-30 22:28:25.850 INFO  org.apache.coyote.http11.Http11NioProtocol        :173  [32m                  [0;39m Initializing ProtocolHandler ["http-nio-8880"]
2021-07-30 22:28:25.850 INFO  org.apache.catalina.core.StandardService          :173  [32m                  [0;39m Starting service [Tomcat]
2021-07-30 22:28:25.850 INFO  org.apache.catalina.core.StandardEngine           :173  [32m                  [0;39m Starting Servlet engine: [Apache Tomcat/9.0.37]
2021-07-30 22:28:25.851 INFO  org.apache.catalina.core.AprLifecycleListener     :173  [32m                  [0;39m An older version [1.2.14] of the Apache Tomcat Native library is installed, while Tomcat recommends a minimum version of [1.2.23]
2021-07-30 22:28:25.851 INFO  org.apache.catalina.core.AprLifecycleListener     :173  [32m                  [0;39m Loaded Apache Tomcat Native library [1.2.14] using APR version [1.6.2].
2021-07-30 22:28:25.851 INFO  org.apache.catalina.core.AprLifecycleListener     :173  [32m                  [0;39m APR capabilities: IPv6 [true], sendfile [true], accept filters [false], random [true].
2021-07-30 22:28:25.852 INFO  org.apache.catalina.core.AprLifecycleListener     :173  [32m                  [0;39m APR/OpenSSL configuration: useAprConnector [false], useOpenSSL [true]
2021-07-30 22:28:25.852 INFO  org.apache.catalina.core.AprLifecycleListener     :173  [32m                  [0;39m OpenSSL successfully initialized [OpenSSL 1.0.2l  25 May 2017]
2021-07-30 22:28:25.869 INFO  o.a.c.core.ContainerBase.[Tomcat].[localhost].[/] :173  [32m                  [0;39m Initializing Spring embedded WebApplicationContext
2021-07-30 22:28:25.870 INFO  o.s.b.w.s.c.ServletWebServerApplicationContext    :285  [32m                  [0;39m Root WebApplicationContext: initialization completed in 500 ms
2021-07-30 22:28:26.281 INFO  o.s.scheduling.concurrent.ThreadPoolTaskExecutor  :181  [32m                  [0;39m Initializing ExecutorService 'applicationTaskExecutor'
2021-07-30 22:28:26.302 INFO  o.s.b.d.autoconfigure.OptionalLiveReloadServer    :58   [32m                  [0;39m LiveReload server is running on port 35729
2021-07-30 22:28:26.461 INFO  org.apache.coyote.http11.Http11NioProtocol        :173  [32m                  [0;39m Starting ProtocolHandler ["http-nio-8880"]
2021-07-30 22:28:26.471 INFO  o.s.boot.web.embedded.tomcat.TomcatWebServer      :220  [32m                  [0;39m Tomcat started on port(s): 8880 (http) with context path ''
2021-07-30 22:28:26.561 INFO  com.cq.hwh.config.LoveHwhApplication              :61   [32m                  [0;39m Started LoveHwhApplication in 1.221 seconds (JVM running for 155.381)
2021-07-30 22:28:26.563 INFO  o.s.b.d.a.ConditionEvaluationDeltaLoggingListener :63   [32m                  [0;39m Condition evaluation unchanged
2021-07-30 22:28:26.563 INFO  com.cq.hwh.config.LoveHwhApplication              :21   [32m                  [0;39m 启动成功！！
2021-07-30 22:28:26.563 INFO  com.cq.hwh.config.LoveHwhApplication              :22   [32m                  [0;39m 地址: 	http://127.0.0.1:8880
2021-07-30 22:28:26.982 INFO  o.a.c.core.ContainerBase.[Tomcat].[localhost].[/] :173  [32m                  [0;39m Initializing Spring DispatcherServlet 'dispatcherServlet'
2021-07-30 22:28:26.983 INFO  org.springframework.web.servlet.DispatcherServlet :525  [32m                  [0;39m Initializing Servlet 'dispatcherServlet'
2021-07-30 22:28:26.988 INFO  org.springframework.web.servlet.DispatcherServlet :547  [32m                  [0;39m Completed initialization in 5 ms
2021-07-30 22:29:01.345 INFO  o.s.scheduling.concurrent.ThreadPoolTaskExecutor  :218  [32m                  [0;39m Shutting down ExecutorService 'applicationTaskExecutor'
2021-07-30 22:29:01.520 INFO  com.cq.hwh.config.LoveHwhApplication              :55   [32m                  [0;39m Starting LoveHwhApplication on LAPTOP-T0P8U4U3 with PID 5440 (D:\IdeaProjects\loveHWH\target\classes started by 程崎 in D:\IdeaProjects\loveHWH)
2021-07-30 22:29:01.520 INFO  com.cq.hwh.config.LoveHwhApplication              :651  [32m                  [0;39m No active profile set, falling back to default profiles: default
2021-07-30 22:29:01.981 INFO  o.s.boot.web.embedded.tomcat.TomcatWebServer      :108  [32m                  [0;39m Tomcat initialized with port(s): 8880 (http)
2021-07-30 22:29:01.981 INFO  org.apache.coyote.http11.Http11NioProtocol        :173  [32m                  [0;39m Initializing ProtocolHandler ["http-nio-8880"]
2021-07-30 22:29:01.982 INFO  org.apache.catalina.core.StandardService          :173  [32m                  [0;39m Starting service [Tomcat]
2021-07-30 22:29:01.982 INFO  org.apache.catalina.core.StandardEngine           :173  [32m                  [0;39m Starting Servlet engine: [Apache Tomcat/9.0.37]
2021-07-30 22:29:01.982 INFO  org.apache.catalina.core.AprLifecycleListener     :173  [32m                  [0;39m An older version [1.2.14] of the Apache Tomcat Native library is installed, while Tomcat recommends a minimum version of [1.2.23]
2021-07-30 22:29:01.982 INFO  org.apache.catalina.core.AprLifecycleListener     :173  [32m                  [0;39m Loaded Apache Tomcat Native library [1.2.14] using APR version [1.6.2].
2021-07-30 22:29:01.982 INFO  org.apache.catalina.core.AprLifecycleListener     :173  [32m                  [0;39m APR capabilities: IPv6 [true], sendfile [true], accept filters [false], random [true].
2021-07-30 22:29:01.982 INFO  org.apache.catalina.core.AprLifecycleListener     :173  [32m                  [0;39m APR/OpenSSL configuration: useAprConnector [false], useOpenSSL [true]
2021-07-30 22:29:01.983 INFO  org.apache.catalina.core.AprLifecycleListener     :173  [32m                  [0;39m OpenSSL successfully initialized [OpenSSL 1.0.2l  25 May 2017]
2021-07-30 22:29:01.993 INFO  o.a.c.core.ContainerBase.[Tomcat].[localhost].[/] :173  [32m                  [0;39m Initializing Spring embedded WebApplicationContext
2021-07-30 22:29:01.993 INFO  o.s.b.w.s.c.ServletWebServerApplicationContext    :285  [32m                  [0;39m Root WebApplicationContext: initialization completed in 470 ms
2021-07-30 22:29:02.438 INFO  o.s.scheduling.concurrent.ThreadPoolTaskExecutor  :181  [32m                  [0;39m Initializing ExecutorService 'applicationTaskExecutor'
2021-07-30 22:29:02.468 INFO  o.s.b.d.autoconfigure.OptionalLiveReloadServer    :58   [32m                  [0;39m LiveReload server is running on port 35729
2021-07-30 22:29:02.620 INFO  org.apache.coyote.http11.Http11NioProtocol        :173  [32m                  [0;39m Starting ProtocolHandler ["http-nio-8880"]
2021-07-30 22:29:02.628 INFO  o.s.boot.web.embedded.tomcat.TomcatWebServer      :220  [32m                  [0;39m Tomcat started on port(s): 8880 (http) with context path ''
2021-07-30 22:29:02.686 INFO  o.a.c.core.ContainerBase.[Tomcat].[localhost].[/] :173  [32m                  [0;39m Initializing Spring DispatcherServlet 'dispatcherServlet'
2021-07-30 22:29:02.687 INFO  org.springframework.web.servlet.DispatcherServlet :525  [32m                  [0;39m Initializing Servlet 'dispatcherServlet'
2021-07-30 22:29:02.692 INFO  org.springframework.web.servlet.DispatcherServlet :547  [32m                  [0;39m Completed initialization in 5 ms
2021-07-30 22:29:02.706 INFO  com.cq.hwh.config.LoveHwhApplication              :61   [32m                  [0;39m Started LoveHwhApplication in 1.216 seconds (JVM running for 191.527)
2021-07-30 22:29:02.708 INFO  o.s.b.d.a.ConditionEvaluationDeltaLoggingListener :63   [32m                  [0;39m Condition evaluation unchanged
2021-07-30 22:29:02.709 INFO  com.cq.hwh.config.LoveHwhApplication              :21   [32m                  [0;39m 启动成功！！
2021-07-30 22:29:02.709 INFO  com.cq.hwh.config.LoveHwhApplication              :22   [32m                  [0;39m 地址: 	http://127.0.0.1:8880
2021-07-30 22:32:56.182 INFO  o.s.scheduling.concurrent.ThreadPoolTaskExecutor  :218  [32m                  [0;39m Shutting down ExecutorService 'applicationTaskExecutor'
2021-07-30 22:32:56.314 INFO  com.cq.hwh.config.LoveHwhApplication              :55   [32m                  [0;39m Starting LoveHwhApplication on LAPTOP-T0P8U4U3 with PID 5440 (D:\IdeaProjects\loveHWH\target\classes started by 程崎 in D:\IdeaProjects\loveHWH)
2021-07-30 22:32:56.315 INFO  com.cq.hwh.config.LoveHwhApplication              :651  [32m                  [0;39m No active profile set, falling back to default profiles: default
2021-07-30 22:32:56.653 INFO  o.s.boot.web.embedded.tomcat.TomcatWebServer      :108  [32m                  [0;39m Tomcat initialized with port(s): 8880 (http)
2021-07-30 22:32:56.653 INFO  org.apache.coyote.http11.Http11NioProtocol        :173  [32m                  [0;39m Initializing ProtocolHandler ["http-nio-8880"]
2021-07-30 22:32:56.653 INFO  org.apache.catalina.core.StandardService          :173  [32m                  [0;39m Starting service [Tomcat]
2021-07-30 22:32:56.654 INFO  org.apache.catalina.core.StandardEngine           :173  [32m                  [0;39m Starting Servlet engine: [Apache Tomcat/9.0.37]
2021-07-30 22:32:56.654 INFO  org.apache.catalina.core.AprLifecycleListener     :173  [32m                  [0;39m An older version [1.2.14] of the Apache Tomcat Native library is installed, while Tomcat recommends a minimum version of [1.2.23]
2021-07-30 22:32:56.654 INFO  org.apache.catalina.core.AprLifecycleListener     :173  [32m                  [0;39m Loaded Apache Tomcat Native library [1.2.14] using APR version [1.6.2].
2021-07-30 22:32:56.654 INFO  org.apache.catalina.core.AprLifecycleListener     :173  [32m                  [0;39m APR capabilities: IPv6 [true], sendfile [true], accept filters [false], random [true].
2021-07-30 22:32:56.654 INFO  org.apache.catalina.core.AprLifecycleListener     :173  [32m                  [0;39m APR/OpenSSL configuration: useAprConnector [false], useOpenSSL [true]
2021-07-30 22:32:56.655 INFO  org.apache.catalina.core.AprLifecycleListener     :173  [32m                  [0;39m OpenSSL successfully initialized [OpenSSL 1.0.2l  25 May 2017]
2021-07-30 22:32:56.670 INFO  o.a.c.core.ContainerBase.[Tomcat].[localhost].[/] :173  [32m                  [0;39m Initializing Spring embedded WebApplicationContext
2021-07-30 22:32:56.670 INFO  o.s.b.w.s.c.ServletWebServerApplicationContext    :285  [32m                  [0;39m Root WebApplicationContext: initialization completed in 353 ms
2021-07-30 22:32:57.021 INFO  o.s.scheduling.concurrent.ThreadPoolTaskExecutor  :181  [32m                  [0;39m Initializing ExecutorService 'applicationTaskExecutor'
2021-07-30 22:32:57.042 INFO  o.s.b.d.autoconfigure.OptionalLiveReloadServer    :58   [32m                  [0;39m LiveReload server is running on port 35729
2021-07-30 22:32:57.167 INFO  org.apache.coyote.http11.Http11NioProtocol        :173  [32m                  [0;39m Starting ProtocolHandler ["http-nio-8880"]
2021-07-30 22:32:57.175 INFO  o.s.boot.web.embedded.tomcat.TomcatWebServer      :220  [32m                  [0;39m Tomcat started on port(s): 8880 (http) with context path ''
2021-07-30 22:32:57.222 INFO  o.a.c.core.ContainerBase.[Tomcat].[localhost].[/] :173  [32m                  [0;39m Initializing Spring DispatcherServlet 'dispatcherServlet'
2021-07-30 22:32:57.223 INFO  org.springframework.web.servlet.DispatcherServlet :525  [32m                  [0;39m Initializing Servlet 'dispatcherServlet'
2021-07-30 22:32:57.228 INFO  org.springframework.web.servlet.DispatcherServlet :547  [32m                  [0;39m Completed initialization in 5 ms
2021-07-30 22:32:57.242 INFO  com.cq.hwh.config.LoveHwhApplication              :61   [32m                  [0;39m Started LoveHwhApplication in 0.954 seconds (JVM running for 426.061)
2021-07-30 22:32:57.244 INFO  o.s.b.d.a.ConditionEvaluationDeltaLoggingListener :63   [32m                  [0;39m Condition evaluation unchanged
2021-07-30 22:32:57.245 INFO  com.cq.hwh.config.LoveHwhApplication              :21   [32m                  [0;39m 启动成功！！
2021-07-30 22:32:57.245 INFO  com.cq.hwh.config.LoveHwhApplication              :22   [32m                  [0;39m 地址: 	http://127.0.0.1:8880
2021-07-30 22:46:47.049 INFO  o.s.scheduling.concurrent.ThreadPoolTaskExecutor  :218  [32m                  [0;39m Shutting down ExecutorService 'applicationTaskExecutor'
2021-07-30 22:46:47.199 INFO  com.cq.hwh.config.LoveHwhApplication              :55   [32m                  [0;39m Starting LoveHwhApplication on LAPTOP-T0P8U4U3 with PID 5440 (D:\IdeaProjects\loveHWH\target\classes started by 程崎 in D:\IdeaProjects\loveHWH)
2021-07-30 22:46:47.200 INFO  com.cq.hwh.config.LoveHwhApplication              :651  [32m                  [0;39m No active profile set, falling back to default profiles: default
2021-07-30 22:46:47.619 INFO  o.s.boot.web.embedded.tomcat.TomcatWebServer      :108  [32m                  [0;39m Tomcat initialized with port(s): 8880 (http)
2021-07-30 22:46:47.620 INFO  org.apache.coyote.http11.Http11NioProtocol        :173  [32m                  [0;39m Initializing ProtocolHandler ["http-nio-8880"]
2021-07-30 22:46:47.621 INFO  org.apache.catalina.core.StandardService          :173  [32m                  [0;39m Starting service [Tomcat]
2021-07-30 22:46:47.621 INFO  org.apache.catalina.core.StandardEngine           :173  [32m                  [0;39m Starting Servlet engine: [Apache Tomcat/9.0.37]
2021-07-30 22:46:47.621 INFO  org.apache.catalina.core.AprLifecycleListener     :173  [32m                  [0;39m An older version [1.2.14] of the Apache Tomcat Native library is installed, while Tomcat recommends a minimum version of [1.2.23]
2021-07-30 22:46:47.621 INFO  org.apache.catalina.core.AprLifecycleListener     :173  [32m                  [0;39m Loaded Apache Tomcat Native library [1.2.14] using APR version [1.6.2].
2021-07-30 22:46:47.621 INFO  org.apache.catalina.core.AprLifecycleListener     :173  [32m                  [0;39m APR capabilities: IPv6 [true], sendfile [true], accept filters [false], random [true].
2021-07-30 22:46:47.622 INFO  org.apache.catalina.core.AprLifecycleListener     :173  [32m                  [0;39m APR/OpenSSL configuration: useAprConnector [false], useOpenSSL [true]
2021-07-30 22:46:47.622 INFO  org.apache.catalina.core.AprLifecycleListener     :173  [32m                  [0;39m OpenSSL successfully initialized [OpenSSL 1.0.2l  25 May 2017]
2021-07-30 22:46:47.633 INFO  o.a.c.core.ContainerBase.[Tomcat].[localhost].[/] :173  [32m                  [0;39m Initializing Spring embedded WebApplicationContext
2021-07-30 22:46:47.634 INFO  o.s.b.w.s.c.ServletWebServerApplicationContext    :285  [32m                  [0;39m Root WebApplicationContext: initialization completed in 432 ms
2021-07-30 22:46:48.018 INFO  o.s.scheduling.concurrent.ThreadPoolTaskExecutor  :181  [32m                  [0;39m Initializing ExecutorService 'applicationTaskExecutor'
2021-07-30 22:46:48.038 INFO  o.s.b.d.autoconfigure.OptionalLiveReloadServer    :58   [32m                  [0;39m LiveReload server is running on port 35729
2021-07-30 22:46:48.182 INFO  org.apache.coyote.http11.Http11NioProtocol        :173  [32m                  [0;39m Starting ProtocolHandler ["http-nio-8880"]
2021-07-30 22:46:48.194 INFO  o.s.boot.web.embedded.tomcat.TomcatWebServer      :220  [32m                  [0;39m Tomcat started on port(s): 8880 (http) with context path ''
2021-07-30 22:46:48.252 INFO  com.cq.hwh.config.LoveHwhApplication              :61   [32m                  [0;39m Started LoveHwhApplication in 1.081 seconds (JVM running for 1257.072)
2021-07-30 22:46:48.254 INFO  o.s.b.d.a.ConditionEvaluationDeltaLoggingListener :63   [32m                  [0;39m Condition evaluation unchanged
2021-07-30 22:46:48.254 INFO  com.cq.hwh.config.LoveHwhApplication              :21   [32m                  [0;39m 启动成功！！
2021-07-30 22:46:48.255 INFO  com.cq.hwh.config.LoveHwhApplication              :22   [32m                  [0;39m 地址: 	http://127.0.0.1:8880
2021-07-30 22:46:48.453 INFO  o.a.c.core.ContainerBase.[Tomcat].[localhost].[/] :173  [32m                  [0;39m Initializing Spring DispatcherServlet 'dispatcherServlet'
2021-07-30 22:46:48.453 INFO  org.springframework.web.servlet.DispatcherServlet :525  [32m                  [0;39m Initializing Servlet 'dispatcherServlet'
2021-07-30 22:46:48.458 INFO  org.springframework.web.servlet.DispatcherServlet :547  [32m                  [0;39m Completed initialization in 4 ms
2021-07-30 22:47:12.643 INFO  com.cq.hwh.aspect.LogAspect                       :45   [32m                  [0;39m ------------- 开始 -------------
2021-07-30 22:47:12.643 INFO  com.cq.hwh.aspect.LogAspect                       :46   [32m                  [0;39m 请求地址: http://localhost:8880/user/login GET
2021-07-30 22:47:12.644 INFO  com.cq.hwh.aspect.LogAspect                       :47   [32m                  [0;39m 类名方法: com.cq.hwh.controller.UserController.login
2021-07-30 22:47:12.644 INFO  com.cq.hwh.aspect.LogAspect                       :48   [32m                  [0;39m 远程地址: 0:0:0:0:0:0:0:1
2021-07-30 22:47:12.697 INFO  com.cq.hwh.aspect.LogAspect                       :70   [32m                  [0;39m 请求参数: [{"loginName":"admin"}]
2021-07-30 22:47:12.743 INFO  com.zaxxer.hikari.HikariDataSource                :110  [32m                  [0;39m HikariPool-1 - Starting...
2021-07-30 22:47:13.036 INFO  com.zaxxer.hikari.HikariDataSource                :123  [32m                  [0;39m HikariPool-1 - Start completed.
2021-07-30 22:47:13.082 INFO  com.cq.hwh.service.UserService                    :44   [32m                  [0;39m 用户名不存在,admin
2021-07-30 22:47:13.084 WARN  com.cq.hwh.exception.ControllerExceptionHandler   :43   [32m                  [0;39m 业务异常：用户名不存在或密码错误
2021-07-30 22:47:13.087 WARN  o.s.w.s.m.m.a.ExceptionHandlerExceptionResolver   :199  [32m                  [0;39m Resolved [com.cq.hwh.exception.BusinessException: 用户名不存在或密码错误]
