2021-06-24 22:09:29.486 INFO  org.hibernate.validator.internal.util.Version     :21   [32m                  [0;39m HV000001: Hibernate Validator 6.1.5.Final
2021-06-24 22:09:29.511 INFO  com.cq.hwh.config.LoveHwhApplication              :55   [32m                  [0;39m Starting LoveHwhApplication on LAPTOP-T0P8U4U3 with PID 7132 (D:\IdeaProjects\loveHWH\target\classes started by 程崎 in D:\IdeaProjects\loveHWH)
2021-06-24 22:09:29.512 INFO  com.cq.hwh.config.LoveHwhApplication              :651  [32m                  [0;39m No active profile set, falling back to default profiles: default
2021-06-24 22:09:29.561 INFO  o.s.b.d.env.DevToolsPropertyDefaultsPostProcessor :225  [32m                  [0;39m Devtools property defaults active! Set 'spring.devtools.add-properties' to 'false' to disable
2021-06-24 22:09:29.562 INFO  o.s.b.d.env.DevToolsPropertyDefaultsPostProcessor :225  [32m                  [0;39m For additional web related logging consider setting the 'logging.level.web' property to 'DEBUG'
2021-06-24 22:09:31.036 INFO  o.s.boot.web.embedded.tomcat.TomcatWebServer      :108  [32m                  [0;39m Tomcat initialized with port(s): 8880 (http)
2021-06-24 22:09:31.044 INFO  org.apache.coyote.http11.Http11NioProtocol        :173  [32m                  [0;39m Initializing ProtocolHandler ["http-nio-8880"]
2021-06-24 22:09:31.044 INFO  org.apache.catalina.core.StandardService          :173  [32m                  [0;39m Starting service [Tomcat]
2021-06-24 22:09:31.045 INFO  org.apache.catalina.core.StandardEngine           :173  [32m                  [0;39m Starting Servlet engine: [Apache Tomcat/9.0.37]
2021-06-24 22:09:31.047 INFO  org.apache.catalina.core.AprLifecycleListener     :173  [32m                  [0;39m An older version [1.2.14] of the Apache Tomcat Native library is installed, while Tomcat recommends a minimum version of [1.2.23]
2021-06-24 22:09:31.047 INFO  org.apache.catalina.core.AprLifecycleListener     :173  [32m                  [0;39m Loaded Apache Tomcat Native library [1.2.14] using APR version [1.6.2].
2021-06-24 22:09:31.048 INFO  org.apache.catalina.core.AprLifecycleListener     :173  [32m                  [0;39m APR capabilities: IPv6 [true], sendfile [true], accept filters [false], random [true].
2021-06-24 22:09:31.048 INFO  org.apache.catalina.core.AprLifecycleListener     :173  [32m                  [0;39m APR/OpenSSL configuration: useAprConnector [false], useOpenSSL [true]
2021-06-24 22:09:32.092 INFO  org.apache.catalina.core.AprLifecycleListener     :173  [32m                  [0;39m OpenSSL successfully initialized [OpenSSL 1.0.2l  25 May 2017]
2021-06-24 22:09:32.155 INFO  o.a.c.core.ContainerBase.[Tomcat].[localhost].[/] :173  [32m                  [0;39m Initializing Spring embedded WebApplicationContext
2021-06-24 22:09:32.156 INFO  o.s.b.w.s.c.ServletWebServerApplicationContext    :285  [32m                  [0;39m Root WebApplicationContext: initialization completed in 2594 ms
2021-06-24 22:09:33.156 INFO  o.s.scheduling.concurrent.ThreadPoolTaskExecutor  :181  [32m                  [0;39m Initializing ExecutorService 'applicationTaskExecutor'
2021-06-24 22:09:33.209 INFO  o.s.b.d.autoconfigure.OptionalLiveReloadServer    :58   [32m                  [0;39m LiveReload server is running on port 35729
2021-06-24 22:09:33.439 INFO  org.apache.coyote.http11.Http11NioProtocol        :173  [32m                  [0;39m Starting ProtocolHandler ["http-nio-8880"]
2021-06-24 22:09:33.462 INFO  o.s.boot.web.embedded.tomcat.TomcatWebServer      :220  [32m                  [0;39m Tomcat started on port(s): 8880 (http) with context path ''
2021-06-24 22:09:33.687 INFO  com.cq.hwh.config.LoveHwhApplication              :61   [32m                  [0;39m Started LoveHwhApplication in 4.612 seconds (JVM running for 5.284)
2021-06-24 22:09:33.687 INFO  com.cq.hwh.config.LoveHwhApplication              :21   [32m                  [0;39m 启动成功！！
2021-06-24 22:09:33.687 INFO  com.cq.hwh.config.LoveHwhApplication              :22   [32m                  [0;39m 地址: 	http://127.0.0.1:8880
2021-06-24 22:09:36.241 INFO  org.apache.tomcat.util.http.parser.Cookie         :173  [32m                  [0;39m A cookie header was received [1621348084] that contained an invalid cookie. That cookie will be ignored.
 Note: further occurrences of this error will be logged at DEBUG level.
2021-06-24 22:09:36.245 INFO  o.a.c.core.ContainerBase.[Tomcat].[localhost].[/] :173  [32m                  [0;39m Initializing Spring DispatcherServlet 'dispatcherServlet'
2021-06-24 22:09:36.245 INFO  org.springframework.web.servlet.DispatcherServlet :525  [32m                  [0;39m Initializing Servlet 'dispatcherServlet'
2021-06-24 22:09:36.254 INFO  org.springframework.web.servlet.DispatcherServlet :547  [32m                  [0;39m Completed initialization in 9 ms
2021-06-24 22:10:09.884 INFO  com.cq.hwh.aspect.LogAspect                       :44   [32m                  [0;39m ------------- 开始 -------------
2021-06-24 22:10:09.885 INFO  com.cq.hwh.aspect.LogAspect                       :45   [32m                  [0;39m 请求地址: http://localhost:8880/user/login POST
2021-06-24 22:10:09.885 INFO  com.cq.hwh.aspect.LogAspect                       :46   [32m                  [0;39m 类名方法: com.cq.hwh.controller.UserController.login
2021-06-24 22:10:09.885 INFO  com.cq.hwh.aspect.LogAspect                       :47   [32m                  [0;39m 远程地址: 0:0:0:0:0:0:0:1
2021-06-24 22:10:09.930 INFO  com.cq.hwh.aspect.LogAspect                       :67   [32m                  [0;39m 请求参数: [{"loginName":"test"}]
2021-06-24 22:10:09.974 INFO  com.zaxxer.hikari.HikariDataSource                :110  [32m                  [0;39m HikariPool-1 - Starting...
2021-06-24 22:10:10.242 INFO  com.zaxxer.hikari.HikariDataSource                :123  [32m                  [0;39m HikariPool-1 - Start completed.
2021-06-24 22:10:10.288 INFO  com.cq.hwh.util.TokenUtil                         :24   [32m                  [0;39m 当前时间的时间戳1624543810288
2021-06-24 22:10:10.288 INFO  com.cq.hwh.util.TokenUtil                         :27   [32m                  [0;39m 过期时间戳为：1624543896688
2021-06-24 22:10:10.473 INFO  com.cq.hwh.aspect.LogAspect                       :79   [32m                  [0;39m 返回结果: {"content":{"id":1,"loginName":"test","name":"测试","token":"eyJhbGciOiJIUzI1NiJ9.eyJsb2dpbk5hbWUiOiJ0ZXN0IiwibmFtZSI6Iua1i-ivlSIsImlkIjoxLCJleHAiOjE2MjQ1NDM4OTYsImlhdCI6MTYyNDU0MzgxMH0.DMieI0vfroo1bTu8u_8dvJbG0EqafdLAJBzyZokm6yw"},"success":true}
2021-06-24 22:10:10.473 INFO  com.cq.hwh.aspect.LogAspect                       :80   [32m                  [0;39m ------------- 结束 耗时：590 ms -------------
2021-06-24 22:10:26.478 ERROR com.cq.hwh.exception.ControllerExceptionHandler   :58   [32m                  [0;39m 系统异常：
org.springframework.web.bind.MissingPathVariableException: Missing URI template variable 'token' for method parameter of type String
	at org.springframework.web.servlet.mvc.method.annotation.PathVariableMethodArgumentResolver.handleMissingValue(PathVariableMethodArgumentResolver.java:101)
	at org.springframework.web.method.annotation.AbstractNamedValueMethodArgumentResolver.handleMissingValue(AbstractNamedValueMethodArgumentResolver.java:221)
	at org.springframework.web.method.annotation.AbstractNamedValueMethodArgumentResolver.resolveArgument(AbstractNamedValueMethodArgumentResolver.java:114)
	at org.springframework.web.method.support.HandlerMethodArgumentResolverComposite.resolveArgument(HandlerMethodArgumentResolverComposite.java:121)
	at org.springframework.web.method.support.InvocableHandlerMethod.getMethodArgumentValues(InvocableHandlerMethod.java:167)
	at org.springframework.web.method.support.InvocableHandlerMethod.invokeForRequest(InvocableHandlerMethod.java:134)
	at org.springframework.web.servlet.mvc.method.annotation.ServletInvocableHandlerMethod.invokeAndHandle(ServletInvocableHandlerMethod.java:105)
	at org.springframework.web.servlet.mvc.method.annotation.RequestMappingHandlerAdapter.invokeHandlerMethod(RequestMappingHandlerAdapter.java:878)
	at org.springframework.web.servlet.mvc.method.annotation.RequestMappingHandlerAdapter.handleInternal(RequestMappingHandlerAdapter.java:792)
	at org.springframework.web.servlet.mvc.method.AbstractHandlerMethodAdapter.handle(AbstractHandlerMethodAdapter.java:87)
	at org.springframework.web.servlet.DispatcherServlet.doDispatch(DispatcherServlet.java:1040)
	at org.springframework.web.servlet.DispatcherServlet.doService(DispatcherServlet.java:943)
	at org.springframework.web.servlet.FrameworkServlet.processRequest(FrameworkServlet.java:1006)
	at org.springframework.web.servlet.FrameworkServlet.doPost(FrameworkServlet.java:909)
	at javax.servlet.http.HttpServlet.service(HttpServlet.java:652)
	at org.springframework.web.servlet.FrameworkServlet.service(FrameworkServlet.java:883)
	at javax.servlet.http.HttpServlet.service(HttpServlet.java:733)
	at org.apache.catalina.core.ApplicationFilterChain.internalDoFilter(ApplicationFilterChain.java:231)
	at org.apache.catalina.core.ApplicationFilterChain.doFilter(ApplicationFilterChain.java:166)
	at org.apache.tomcat.websocket.server.WsFilter.doFilter(WsFilter.java:53)
	at org.apache.catalina.core.ApplicationFilterChain.internalDoFilter(ApplicationFilterChain.java:193)
	at org.apache.catalina.core.ApplicationFilterChain.doFilter(ApplicationFilterChain.java:166)
	at org.springframework.web.filter.RequestContextFilter.doFilterInternal(RequestContextFilter.java:100)
	at org.springframework.web.filter.OncePerRequestFilter.doFilter(OncePerRequestFilter.java:119)
	at org.apache.catalina.core.ApplicationFilterChain.internalDoFilter(ApplicationFilterChain.java:193)
	at org.apache.catalina.core.ApplicationFilterChain.doFilter(ApplicationFilterChain.java:166)
	at org.springframework.web.filter.FormContentFilter.doFilterInternal(FormContentFilter.java:93)
	at org.springframework.web.filter.OncePerRequestFilter.doFilter(OncePerRequestFilter.java:119)
	at org.apache.catalina.core.ApplicationFilterChain.internalDoFilter(ApplicationFilterChain.java:193)
	at org.apache.catalina.core.ApplicationFilterChain.doFilter(ApplicationFilterChain.java:166)
	at org.springframework.web.filter.CharacterEncodingFilter.doFilterInternal(CharacterEncodingFilter.java:201)
	at org.springframework.web.filter.OncePerRequestFilter.doFilter(OncePerRequestFilter.java:119)
	at org.apache.catalina.core.ApplicationFilterChain.internalDoFilter(ApplicationFilterChain.java:193)
	at org.apache.catalina.core.ApplicationFilterChain.doFilter(ApplicationFilterChain.java:166)
	at org.apache.catalina.core.StandardWrapperValve.invoke(StandardWrapperValve.java:202)
	at org.apache.catalina.core.StandardContextValve.invoke(StandardContextValve.java:96)
	at org.apache.catalina.authenticator.AuthenticatorBase.invoke(AuthenticatorBase.java:541)
	at org.apache.catalina.core.StandardHostValve.invoke(StandardHostValve.java:139)
	at org.apache.catalina.valves.ErrorReportValve.invoke(ErrorReportValve.java:92)
	at org.apache.catalina.core.StandardEngineValve.invoke(StandardEngineValve.java:74)
	at org.apache.catalina.connector.CoyoteAdapter.service(CoyoteAdapter.java:343)
	at org.apache.coyote.http11.Http11Processor.service(Http11Processor.java:373)
	at org.apache.coyote.AbstractProcessorLight.process(AbstractProcessorLight.java:65)
	at org.apache.coyote.AbstractProtocol$ConnectionHandler.process(AbstractProtocol.java:868)
	at org.apache.tomcat.util.net.NioEndpoint$SocketProcessor.doRun(NioEndpoint.java:1589)
	at org.apache.tomcat.util.net.SocketProcessorBase.run(SocketProcessorBase.java:49)
	at java.util.concurrent.ThreadPoolExecutor.runWorker(ThreadPoolExecutor.java:1149)
	at java.util.concurrent.ThreadPoolExecutor$Worker.run(ThreadPoolExecutor.java:624)
	at org.apache.tomcat.util.threads.TaskThread$WrappingRunnable.run(TaskThread.java:61)
	at java.lang.Thread.run(Thread.java:748)
2021-06-24 22:10:26.481 WARN  o.s.w.s.m.m.a.ExceptionHandlerExceptionResolver   :199  [32m                  [0;39m Resolved [org.springframework.web.bind.MissingPathVariableException: Missing URI template variable 'token' for method parameter of type String]
2021-06-24 22:10:55.145 INFO  o.s.scheduling.concurrent.ThreadPoolTaskExecutor  :218  [32m                  [0;39m Shutting down ExecutorService 'applicationTaskExecutor'
2021-06-24 22:10:55.145 INFO  com.zaxxer.hikari.HikariDataSource                :350  [32m                  [0;39m HikariPool-1 - Shutdown initiated...
2021-06-24 22:10:55.161 INFO  com.zaxxer.hikari.HikariDataSource                :352  [32m                  [0;39m HikariPool-1 - Shutdown completed.
2021-06-24 22:10:55.301 INFO  com.cq.hwh.config.LoveHwhApplication              :55   [32m                  [0;39m Starting LoveHwhApplication on LAPTOP-T0P8U4U3 with PID 7132 (D:\IdeaProjects\loveHWH\target\classes started by 程崎 in D:\IdeaProjects\loveHWH)
2021-06-24 22:10:55.301 INFO  com.cq.hwh.config.LoveHwhApplication              :651  [32m                  [0;39m No active profile set, falling back to default profiles: default
2021-06-24 22:10:55.646 INFO  o.s.boot.web.embedded.tomcat.TomcatWebServer      :108  [32m                  [0;39m Tomcat initialized with port(s): 8880 (http)
2021-06-24 22:10:55.646 INFO  org.apache.coyote.http11.Http11NioProtocol        :173  [32m                  [0;39m Initializing ProtocolHandler ["http-nio-8880"]
2021-06-24 22:10:55.646 INFO  org.apache.catalina.core.StandardService          :173  [32m                  [0;39m Starting service [Tomcat]
2021-06-24 22:10:55.646 INFO  org.apache.catalina.core.StandardEngine           :173  [32m                  [0;39m Starting Servlet engine: [Apache Tomcat/9.0.37]
2021-06-24 22:10:55.646 INFO  org.apache.catalina.core.AprLifecycleListener     :173  [32m                  [0;39m An older version [1.2.14] of the Apache Tomcat Native library is installed, while Tomcat recommends a minimum version of [1.2.23]
2021-06-24 22:10:55.646 INFO  org.apache.catalina.core.AprLifecycleListener     :173  [32m                  [0;39m Loaded Apache Tomcat Native library [1.2.14] using APR version [1.6.2].
2021-06-24 22:10:55.646 INFO  org.apache.catalina.core.AprLifecycleListener     :173  [32m                  [0;39m APR capabilities: IPv6 [true], sendfile [true], accept filters [false], random [true].
2021-06-24 22:10:55.646 INFO  org.apache.catalina.core.AprLifecycleListener     :173  [32m                  [0;39m APR/OpenSSL configuration: useAprConnector [false], useOpenSSL [true]
2021-06-24 22:10:55.646 INFO  org.apache.catalina.core.AprLifecycleListener     :173  [32m                  [0;39m OpenSSL successfully initialized [OpenSSL 1.0.2l  25 May 2017]
2021-06-24 22:10:55.664 INFO  o.a.c.core.ContainerBase.[Tomcat].[localhost].[/] :173  [32m                  [0;39m Initializing Spring embedded WebApplicationContext
2021-06-24 22:10:55.664 INFO  o.s.b.w.s.c.ServletWebServerApplicationContext    :285  [32m                  [0;39m Root WebApplicationContext: initialization completed in 363 ms
2021-06-24 22:10:56.014 INFO  o.s.scheduling.concurrent.ThreadPoolTaskExecutor  :181  [32m                  [0;39m Initializing ExecutorService 'applicationTaskExecutor'
2021-06-24 22:10:56.029 INFO  o.s.b.d.autoconfigure.OptionalLiveReloadServer    :58   [32m                  [0;39m LiveReload server is running on port 35729
2021-06-24 22:10:56.170 INFO  org.apache.coyote.http11.Http11NioProtocol        :173  [32m                  [0;39m Starting ProtocolHandler ["http-nio-8880"]
2021-06-24 22:10:56.186 INFO  o.s.boot.web.embedded.tomcat.TomcatWebServer      :220  [32m                  [0;39m Tomcat started on port(s): 8880 (http) with context path ''
2021-06-24 22:10:56.233 INFO  com.cq.hwh.config.LoveHwhApplication              :61   [32m                  [0;39m Started LoveHwhApplication in 0.964 seconds (JVM running for 87.838)
2021-06-24 22:10:56.233 INFO  o.s.b.d.a.ConditionEvaluationDeltaLoggingListener :63   [32m                  [0;39m Condition evaluation unchanged
2021-06-24 22:10:56.233 INFO  com.cq.hwh.config.LoveHwhApplication              :21   [32m                  [0;39m 启动成功！！
2021-06-24 22:10:56.233 INFO  com.cq.hwh.config.LoveHwhApplication              :22   [32m                  [0;39m 地址: 	http://127.0.0.1:8880
2021-06-24 22:10:59.619 INFO  o.a.c.core.ContainerBase.[Tomcat].[localhost].[/] :173  [32m                  [0;39m Initializing Spring DispatcherServlet 'dispatcherServlet'
2021-06-24 22:10:59.620 INFO  org.springframework.web.servlet.DispatcherServlet :525  [32m                  [0;39m Initializing Servlet 'dispatcherServlet'
2021-06-24 22:10:59.626 INFO  org.springframework.web.servlet.DispatcherServlet :547  [32m                  [0;39m Completed initialization in 6 ms
2021-06-24 22:10:59.628 INFO  com.cq.hwh.aspect.LogAspect                       :44   [32m                  [0;39m ------------- 开始 -------------
2021-06-24 22:10:59.628 INFO  com.cq.hwh.aspect.LogAspect                       :45   [32m                  [0;39m 请求地址: http://localhost:8880/user/token POST
2021-06-24 22:10:59.628 INFO  com.cq.hwh.aspect.LogAspect                       :46   [32m                  [0;39m 类名方法: com.cq.hwh.controller.UserController.token
2021-06-24 22:10:59.629 INFO  com.cq.hwh.aspect.LogAspect                       :47   [32m                  [0;39m 远程地址: 0:0:0:0:0:0:0:1
2021-06-24 22:10:59.629 INFO  com.cq.hwh.aspect.LogAspect                       :67   [32m                  [0;39m 请求参数: [null]
2021-06-24 22:10:59.635 INFO  com.cq.hwh.aspect.LogAspect                       :79   [32m                  [0;39m 返回结果: false
2021-06-24 22:10:59.635 INFO  com.cq.hwh.aspect.LogAspect                       :80   [32m                  [0;39m ------------- 结束 耗时：7 ms -------------
2021-06-24 22:11:15.316 INFO  com.cq.hwh.aspect.LogAspect                       :44   [32m                  [0;39m ------------- 开始 -------------
2021-06-24 22:11:15.316 INFO  com.cq.hwh.aspect.LogAspect                       :45   [32m                  [0;39m 请求地址: http://localhost:8880/user/login POST
2021-06-24 22:11:15.316 INFO  com.cq.hwh.aspect.LogAspect                       :46   [32m                  [0;39m 类名方法: com.cq.hwh.controller.UserController.login
2021-06-24 22:11:15.317 INFO  com.cq.hwh.aspect.LogAspect                       :47   [32m                  [0;39m 远程地址: 0:0:0:0:0:0:0:1
2021-06-24 22:11:15.317 INFO  com.cq.hwh.aspect.LogAspect                       :67   [32m                  [0;39m 请求参数: [{"loginName":"test"}]
2021-06-24 22:11:15.320 INFO  com.zaxxer.hikari.HikariDataSource                :110  [32m                  [0;39m HikariPool-2 - Starting...
2021-06-24 22:11:15.428 INFO  com.zaxxer.hikari.HikariDataSource                :123  [32m                  [0;39m HikariPool-2 - Start completed.
2021-06-24 22:11:15.438 INFO  com.cq.hwh.util.TokenUtil                         :24   [32m                  [0;39m 当前时间的时间戳1624543875438
2021-06-24 22:11:15.438 INFO  com.cq.hwh.util.TokenUtil                         :27   [32m                  [0;39m 过期时间戳为：1624543961838
2021-06-24 22:11:15.444 INFO  com.cq.hwh.aspect.LogAspect                       :79   [32m                  [0;39m 返回结果: {"content":{"id":1,"loginName":"test","name":"测试","token":"eyJhbGciOiJIUzI1NiJ9.eyJsb2dpbk5hbWUiOiJ0ZXN0IiwibmFtZSI6Iua1i-ivlSIsImlkIjoxLCJleHAiOjE2MjQ1NDM5NjEsImlhdCI6MTYyNDU0Mzg3NX0.WJDD4AAPgqV8K3pszpEFXCiUcgJSiaZkwP-wd6R8glM"},"success":true}
2021-06-24 22:11:15.444 INFO  com.cq.hwh.aspect.LogAspect                       :80   [32m                  [0;39m ------------- 结束 耗时：128 ms -------------
2021-06-24 22:11:26.418 INFO  com.cq.hwh.aspect.LogAspect                       :44   [32m                  [0;39m ------------- 开始 -------------
2021-06-24 22:11:26.419 INFO  com.cq.hwh.aspect.LogAspect                       :45   [32m                  [0;39m 请求地址: http://localhost:8880/user/token POST
2021-06-24 22:11:26.419 INFO  com.cq.hwh.aspect.LogAspect                       :46   [32m                  [0;39m 类名方法: com.cq.hwh.controller.UserController.token
2021-06-24 22:11:26.419 INFO  com.cq.hwh.aspect.LogAspect                       :47   [32m                  [0;39m 远程地址: 0:0:0:0:0:0:0:1
2021-06-24 22:11:26.419 INFO  com.cq.hwh.aspect.LogAspect                       :67   [32m                  [0;39m 请求参数: [null]
2021-06-24 22:11:26.420 INFO  com.cq.hwh.aspect.LogAspect                       :79   [32m                  [0;39m 返回结果: false
2021-06-24 22:11:26.420 INFO  com.cq.hwh.aspect.LogAspect                       :80   [32m                  [0;39m ------------- 结束 耗时：2 ms -------------
2021-06-24 22:12:05.426 INFO  org.hibernate.validator.internal.util.Version     :21   [32m                  [0;39m HV000001: Hibernate Validator 6.1.5.Final
2021-06-24 22:12:05.457 INFO  com.cq.hwh.config.LoveHwhApplication              :55   [32m                  [0;39m Starting LoveHwhApplication on LAPTOP-T0P8U4U3 with PID 8160 (D:\IdeaProjects\loveHWH\target\classes started by 程崎 in D:\IdeaProjects\loveHWH)
2021-06-24 22:12:05.457 INFO  com.cq.hwh.config.LoveHwhApplication              :651  [32m                  [0;39m No active profile set, falling back to default profiles: default
2021-06-24 22:12:05.504 INFO  o.s.b.d.env.DevToolsPropertyDefaultsPostProcessor :225  [32m                  [0;39m Devtools property defaults active! Set 'spring.devtools.add-properties' to 'false' to disable
2021-06-24 22:12:05.504 INFO  o.s.b.d.env.DevToolsPropertyDefaultsPostProcessor :225  [32m                  [0;39m For additional web related logging consider setting the 'logging.level.web' property to 'DEBUG'
2021-06-24 22:12:06.899 INFO  o.s.boot.web.embedded.tomcat.TomcatWebServer      :108  [32m                  [0;39m Tomcat initialized with port(s): 8880 (http)
2021-06-24 22:12:06.914 INFO  org.apache.coyote.http11.Http11NioProtocol        :173  [32m                  [0;39m Initializing ProtocolHandler ["http-nio-8880"]
2021-06-24 22:12:06.914 INFO  org.apache.catalina.core.StandardService          :173  [32m                  [0;39m Starting service [Tomcat]
2021-06-24 22:12:06.914 INFO  org.apache.catalina.core.StandardEngine           :173  [32m                  [0;39m Starting Servlet engine: [Apache Tomcat/9.0.37]
2021-06-24 22:12:06.914 INFO  org.apache.catalina.core.AprLifecycleListener     :173  [32m                  [0;39m An older version [1.2.14] of the Apache Tomcat Native library is installed, while Tomcat recommends a minimum version of [1.2.23]
2021-06-24 22:12:06.914 INFO  org.apache.catalina.core.AprLifecycleListener     :173  [32m                  [0;39m Loaded Apache Tomcat Native library [1.2.14] using APR version [1.6.2].
2021-06-24 22:12:06.914 INFO  org.apache.catalina.core.AprLifecycleListener     :173  [32m                  [0;39m APR capabilities: IPv6 [true], sendfile [true], accept filters [false], random [true].
2021-06-24 22:12:06.914 INFO  org.apache.catalina.core.AprLifecycleListener     :173  [32m                  [0;39m APR/OpenSSL configuration: useAprConnector [false], useOpenSSL [true]
2021-06-24 22:12:07.936 INFO  org.apache.catalina.core.AprLifecycleListener     :173  [32m                  [0;39m OpenSSL successfully initialized [OpenSSL 1.0.2l  25 May 2017]
2021-06-24 22:12:08.039 INFO  o.a.c.core.ContainerBase.[Tomcat].[localhost].[/] :173  [32m                  [0;39m Initializing Spring embedded WebApplicationContext
2021-06-24 22:12:08.039 INFO  o.s.b.w.s.c.ServletWebServerApplicationContext    :285  [32m                  [0;39m Root WebApplicationContext: initialization completed in 2535 ms
2021-06-24 22:12:08.914 INFO  o.s.scheduling.concurrent.ThreadPoolTaskExecutor  :181  [32m                  [0;39m Initializing ExecutorService 'applicationTaskExecutor'
2021-06-24 22:12:08.982 INFO  o.s.b.d.autoconfigure.OptionalLiveReloadServer    :58   [32m                  [0;39m LiveReload server is running on port 35729
2021-06-24 22:12:09.214 INFO  org.apache.coyote.http11.Http11NioProtocol        :173  [32m                  [0;39m Starting ProtocolHandler ["http-nio-8880"]
2021-06-24 22:12:09.237 INFO  o.s.boot.web.embedded.tomcat.TomcatWebServer      :220  [32m                  [0;39m Tomcat started on port(s): 8880 (http) with context path ''
2021-06-24 22:12:09.484 INFO  com.cq.hwh.config.LoveHwhApplication              :61   [32m                  [0;39m Started LoveHwhApplication in 4.416 seconds (JVM running for 5.131)
2021-06-24 22:12:09.487 INFO  com.cq.hwh.config.LoveHwhApplication              :21   [32m                  [0;39m 启动成功！！
2021-06-24 22:12:09.488 INFO  com.cq.hwh.config.LoveHwhApplication              :22   [32m                  [0;39m 地址: 	http://127.0.0.1:8880
2021-06-24 22:12:12.967 INFO  org.apache.tomcat.util.http.parser.Cookie         :173  [32m                  [0;39m A cookie header was received [1621348084] that contained an invalid cookie. That cookie will be ignored.
 Note: further occurrences of this error will be logged at DEBUG level.
2021-06-24 22:12:12.973 INFO  o.a.c.core.ContainerBase.[Tomcat].[localhost].[/] :173  [32m                  [0;39m Initializing Spring DispatcherServlet 'dispatcherServlet'
2021-06-24 22:12:12.973 INFO  org.springframework.web.servlet.DispatcherServlet :525  [32m                  [0;39m Initializing Servlet 'dispatcherServlet'
2021-06-24 22:12:12.982 INFO  org.springframework.web.servlet.DispatcherServlet :547  [32m                  [0;39m Completed initialization in 9 ms
2021-06-24 22:12:13.010 INFO  com.cq.hwh.aspect.LogAspect                       :44   [32m                  [0;39m ------------- 开始 -------------
2021-06-24 22:12:13.011 INFO  com.cq.hwh.aspect.LogAspect                       :45   [32m                  [0;39m 请求地址: http://localhost:8880/user/token POST
2021-06-24 22:12:13.011 INFO  com.cq.hwh.aspect.LogAspect                       :46   [32m                  [0;39m 类名方法: com.cq.hwh.controller.UserController.token
2021-06-24 22:12:13.011 INFO  com.cq.hwh.aspect.LogAspect                       :47   [32m                  [0;39m 远程地址: 0:0:0:0:0:0:0:1
2021-06-24 22:12:13.047 INFO  com.cq.hwh.aspect.LogAspect                       :67   [32m                  [0;39m 请求参数: [null]
2021-06-24 22:12:36.375 INFO  com.cq.hwh.aspect.LogAspect                       :79   [32m                  [0;39m 返回结果: false
2021-06-24 22:12:36.375 INFO  com.cq.hwh.aspect.LogAspect                       :80   [32m                  [0;39m ------------- 结束 耗时：23366 ms -------------
2021-06-24 22:12:36.511 INFO  o.s.scheduling.concurrent.ThreadPoolTaskExecutor  :218  [32m                  [0;39m Shutting down ExecutorService 'applicationTaskExecutor'
2021-06-24 22:12:39.596 INFO  org.hibernate.validator.internal.util.Version     :21   [32m                  [0;39m HV000001: Hibernate Validator 6.1.5.Final
2021-06-24 22:12:39.612 INFO  com.cq.hwh.config.LoveHwhApplication              :55   [32m                  [0;39m Starting LoveHwhApplication on LAPTOP-T0P8U4U3 with PID 4080 (D:\IdeaProjects\loveHWH\target\classes started by 程崎 in D:\IdeaProjects\loveHWH)
2021-06-24 22:12:39.612 INFO  com.cq.hwh.config.LoveHwhApplication              :651  [32m                  [0;39m No active profile set, falling back to default profiles: default
2021-06-24 22:12:39.658 INFO  o.s.b.d.env.DevToolsPropertyDefaultsPostProcessor :225  [32m                  [0;39m Devtools property defaults active! Set 'spring.devtools.add-properties' to 'false' to disable
2021-06-24 22:12:39.658 INFO  o.s.b.d.env.DevToolsPropertyDefaultsPostProcessor :225  [32m                  [0;39m For additional web related logging consider setting the 'logging.level.web' property to 'DEBUG'
2021-06-24 22:12:40.916 INFO  o.s.boot.web.embedded.tomcat.TomcatWebServer      :108  [32m                  [0;39m Tomcat initialized with port(s): 8880 (http)
2021-06-24 22:12:40.916 INFO  org.apache.coyote.http11.Http11NioProtocol        :173  [32m                  [0;39m Initializing ProtocolHandler ["http-nio-8880"]
2021-06-24 22:12:40.916 INFO  org.apache.catalina.core.StandardService          :173  [32m                  [0;39m Starting service [Tomcat]
2021-06-24 22:12:40.916 INFO  org.apache.catalina.core.StandardEngine           :173  [32m                  [0;39m Starting Servlet engine: [Apache Tomcat/9.0.37]
2021-06-24 22:12:40.916 INFO  org.apache.catalina.core.AprLifecycleListener     :173  [32m                  [0;39m An older version [1.2.14] of the Apache Tomcat Native library is installed, while Tomcat recommends a minimum version of [1.2.23]
2021-06-24 22:12:40.916 INFO  org.apache.catalina.core.AprLifecycleListener     :173  [32m                  [0;39m Loaded Apache Tomcat Native library [1.2.14] using APR version [1.6.2].
2021-06-24 22:12:40.916 INFO  org.apache.catalina.core.AprLifecycleListener     :173  [32m                  [0;39m APR capabilities: IPv6 [true], sendfile [true], accept filters [false], random [true].
2021-06-24 22:12:40.916 INFO  org.apache.catalina.core.AprLifecycleListener     :173  [32m                  [0;39m APR/OpenSSL configuration: useAprConnector [false], useOpenSSL [true]
2021-06-24 22:12:41.962 INFO  org.apache.catalina.core.AprLifecycleListener     :173  [32m                  [0;39m OpenSSL successfully initialized [OpenSSL 1.0.2l  25 May 2017]
2021-06-24 22:12:42.009 INFO  o.a.c.core.ContainerBase.[Tomcat].[localhost].[/] :173  [32m                  [0;39m Initializing Spring embedded WebApplicationContext
2021-06-24 22:12:42.009 INFO  o.s.b.w.s.c.ServletWebServerApplicationContext    :285  [32m                  [0;39m Root WebApplicationContext: initialization completed in 2351 ms
2021-06-24 22:12:42.807 INFO  o.s.scheduling.concurrent.ThreadPoolTaskExecutor  :181  [32m                  [0;39m Initializing ExecutorService 'applicationTaskExecutor'
2021-06-24 22:12:42.842 INFO  o.s.b.d.autoconfigure.OptionalLiveReloadServer    :58   [32m                  [0;39m LiveReload server is running on port 35729
2021-06-24 22:12:43.062 INFO  org.apache.coyote.http11.Http11NioProtocol        :173  [32m                  [0;39m Starting ProtocolHandler ["http-nio-8880"]
2021-06-24 22:12:43.077 INFO  o.s.boot.web.embedded.tomcat.TomcatWebServer      :220  [32m                  [0;39m Tomcat started on port(s): 8880 (http) with context path ''
2021-06-24 22:12:43.296 INFO  com.cq.hwh.config.LoveHwhApplication              :61   [32m                  [0;39m Started LoveHwhApplication in 4.012 seconds (JVM running for 4.552)
2021-06-24 22:12:43.312 INFO  com.cq.hwh.config.LoveHwhApplication              :21   [32m                  [0;39m 启动成功！！
2021-06-24 22:12:43.312 INFO  com.cq.hwh.config.LoveHwhApplication              :22   [32m                  [0;39m 地址: 	http://127.0.0.1:8880
2021-06-24 22:12:49.899 INFO  org.apache.tomcat.util.http.parser.Cookie         :173  [32m                  [0;39m A cookie header was received [1621348084] that contained an invalid cookie. That cookie will be ignored.
 Note: further occurrences of this error will be logged at DEBUG level.
2021-06-24 22:12:49.904 INFO  o.a.c.core.ContainerBase.[Tomcat].[localhost].[/] :173  [32m                  [0;39m Initializing Spring DispatcherServlet 'dispatcherServlet'
2021-06-24 22:12:49.904 INFO  org.springframework.web.servlet.DispatcherServlet :525  [32m                  [0;39m Initializing Servlet 'dispatcherServlet'
2021-06-24 22:12:49.912 INFO  org.springframework.web.servlet.DispatcherServlet :547  [32m                  [0;39m Completed initialization in 8 ms
2021-06-24 22:12:49.941 INFO  com.cq.hwh.aspect.LogAspect                       :44   [32m                  [0;39m ------------- 开始 -------------
2021-06-24 22:12:49.942 INFO  com.cq.hwh.aspect.LogAspect                       :45   [32m                  [0;39m 请求地址: http://localhost:8880/user/login POST
2021-06-24 22:12:49.942 INFO  com.cq.hwh.aspect.LogAspect                       :46   [32m                  [0;39m 类名方法: com.cq.hwh.controller.UserController.login
2021-06-24 22:12:49.942 INFO  com.cq.hwh.aspect.LogAspect                       :47   [32m                  [0;39m 远程地址: 0:0:0:0:0:0:0:1
2021-06-24 22:12:49.988 INFO  com.cq.hwh.aspect.LogAspect                       :67   [32m                  [0;39m 请求参数: [{"loginName":"test"}]
2021-06-24 22:12:50.024 INFO  com.zaxxer.hikari.HikariDataSource                :110  [32m                  [0;39m HikariPool-1 - Starting...
2021-06-24 22:12:50.273 INFO  com.zaxxer.hikari.HikariDataSource                :123  [32m                  [0;39m HikariPool-1 - Start completed.
2021-06-24 22:12:50.315 INFO  com.cq.hwh.util.TokenUtil                         :24   [32m                  [0;39m 当前时间的时间戳1624543970315
2021-06-24 22:12:50.316 INFO  com.cq.hwh.util.TokenUtil                         :27   [32m                  [0;39m 过期时间戳为：1624544056715
2021-06-24 22:12:50.502 INFO  com.cq.hwh.aspect.LogAspect                       :79   [32m                  [0;39m 返回结果: {"content":{"id":1,"loginName":"test","name":"测试","token":"eyJhbGciOiJIUzI1NiJ9.eyJsb2dpbk5hbWUiOiJ0ZXN0IiwibmFtZSI6Iua1i-ivlSIsImlkIjoxLCJleHAiOjE2MjQ1NDQwNTYsImlhdCI6MTYyNDU0Mzk3MH0.u_cR2hRHuXbvTJMggQ7WoqR8FL8AvEqy847rZXaxCao"},"success":true}
2021-06-24 22:12:50.503 INFO  com.cq.hwh.aspect.LogAspect                       :80   [32m                  [0;39m ------------- 结束 耗时：563 ms -------------
2021-06-24 22:13:09.929 INFO  com.cq.hwh.aspect.LogAspect                       :44   [32m                  [0;39m ------------- 开始 -------------
2021-06-24 22:13:09.930 INFO  com.cq.hwh.aspect.LogAspect                       :45   [32m                  [0;39m 请求地址: http://localhost:8880/user/token POST
2021-06-24 22:13:09.930 INFO  com.cq.hwh.aspect.LogAspect                       :46   [32m                  [0;39m 类名方法: com.cq.hwh.controller.UserController.token
2021-06-24 22:13:09.930 INFO  com.cq.hwh.aspect.LogAspect                       :47   [32m                  [0;39m 远程地址: 0:0:0:0:0:0:0:1
2021-06-24 22:13:09.930 INFO  com.cq.hwh.aspect.LogAspect                       :67   [32m                  [0;39m 请求参数: ["eyJhbGciOiJIUzI1NiJ9.eyJsb2dpbk5hbWUiOiJ0ZXN0IiwibmFtZSI6Iua1i-ivlSIsImlkIjoxLCJleHAiOjE2MjQ1NDQwNTYsImlhdCI6MTYyNDU0Mzk3MH0.u_cR2hRHuXbvTJMggQ7WoqR8FL8AvEqy847rZXaxCao"]
2021-06-24 22:13:09.950 INFO  com.cq.hwh.aspect.LogAspect                       :79   [32m                  [0;39m 返回结果: true
2021-06-24 22:13:09.950 INFO  com.cq.hwh.aspect.LogAspect                       :80   [32m                  [0;39m ------------- 结束 耗时：21 ms -------------
2021-06-24 22:13:15.639 INFO  com.cq.hwh.aspect.LogAspect                       :44   [32m                  [0;39m ------------- 开始 -------------
2021-06-24 22:13:15.640 INFO  com.cq.hwh.aspect.LogAspect                       :45   [32m                  [0;39m 请求地址: http://localhost:8880/user/token POST
2021-06-24 22:13:15.640 INFO  com.cq.hwh.aspect.LogAspect                       :46   [32m                  [0;39m 类名方法: com.cq.hwh.controller.UserController.token
2021-06-24 22:13:15.640 INFO  com.cq.hwh.aspect.LogAspect                       :47   [32m                  [0;39m 远程地址: 0:0:0:0:0:0:0:1
2021-06-24 22:13:15.641 INFO  com.cq.hwh.aspect.LogAspect                       :67   [32m                  [0;39m 请求参数: ["eyJhbGciOiJIUzI1NiJ9.eyJsb2dpbkhbWUiOiJ0ZXN0IiwibmFtZSI6Iua1i-ivlSIsImlkIjoxLCJleHAiOjE2MjQ1NDQwNTYsImlhdCI6MTYyNDU0Mzk3MH0.u_cR2hRHuXbvTJMggQ7WoqR8FL8AvEqy847rZXaxCao"]
2021-06-24 22:13:15.642 INFO  com.cq.hwh.aspect.LogAspect                       :79   [32m                  [0;39m 返回结果: false
2021-06-24 22:13:15.643 INFO  com.cq.hwh.aspect.LogAspect                       :80   [32m                  [0;39m ------------- 结束 耗时：4 ms -------------
2021-06-24 22:13:19.967 INFO  com.cq.hwh.aspect.LogAspect                       :44   [32m                  [0;39m ------------- 开始 -------------
2021-06-24 22:13:19.968 INFO  com.cq.hwh.aspect.LogAspect                       :45   [32m                  [0;39m 请求地址: http://localhost:8880/user/token POST
2021-06-24 22:13:19.968 INFO  com.cq.hwh.aspect.LogAspect                       :46   [32m                  [0;39m 类名方法: com.cq.hwh.controller.UserController.token
2021-06-24 22:13:19.968 INFO  com.cq.hwh.aspect.LogAspect                       :47   [32m                  [0;39m 远程地址: 0:0:0:0:0:0:0:1
2021-06-24 22:13:19.969 INFO  com.cq.hwh.aspect.LogAspect                       :67   [32m                  [0;39m 请求参数: ["eyJhbGciOiJIUzI1NiJ9.eyJsb2dpbk5hbWUiOiJ0ZXN0IiwibmFtZSI6Iua1i-ivlSIsImlkIjoxLCJleHAiOjE2MjQ1NDQwNTYsImlhdCI6MTYyNDU0Mzk3MH0.u_cR2hRHuXbvTJMggQ7WoqR8FL8AvEqy847rZXaxCao"]
2021-06-24 22:13:19.969 INFO  com.cq.hwh.aspect.LogAspect                       :79   [32m                  [0;39m 返回结果: true
2021-06-24 22:13:19.970 INFO  com.cq.hwh.aspect.LogAspect                       :80   [32m                  [0;39m ------------- 结束 耗时：3 ms -------------
2021-06-24 22:28:50.300 INFO  org.hibernate.validator.internal.util.Version     :21   [32m                  [0;39m HV000001: Hibernate Validator 6.1.5.Final
2021-06-24 22:28:50.316 INFO  com.cq.hwh.config.LoveHwhApplication              :55   [32m                  [0;39m Starting LoveHwhApplication on LAPTOP-T0P8U4U3 with PID 9680 (D:\IdeaProjects\loveHWH\target\classes started by 程崎 in D:\IdeaProjects\loveHWH)
2021-06-24 22:28:50.316 INFO  com.cq.hwh.config.LoveHwhApplication              :651  [32m                  [0;39m No active profile set, falling back to default profiles: default
2021-06-24 22:28:50.347 INFO  o.s.b.d.env.DevToolsPropertyDefaultsPostProcessor :225  [32m                  [0;39m Devtools property defaults active! Set 'spring.devtools.add-properties' to 'false' to disable
2021-06-24 22:28:50.347 INFO  o.s.b.d.env.DevToolsPropertyDefaultsPostProcessor :225  [32m                  [0;39m For additional web related logging consider setting the 'logging.level.web' property to 'DEBUG'
2021-06-24 22:28:51.579 INFO  o.s.boot.web.embedded.tomcat.TomcatWebServer      :108  [32m                  [0;39m Tomcat initialized with port(s): 8880 (http)
2021-06-24 22:28:51.579 INFO  org.apache.coyote.http11.Http11NioProtocol        :173  [32m                  [0;39m Initializing ProtocolHandler ["http-nio-8880"]
2021-06-24 22:28:51.579 INFO  org.apache.catalina.core.StandardService          :173  [32m                  [0;39m Starting service [Tomcat]
2021-06-24 22:28:51.579 INFO  org.apache.catalina.core.StandardEngine           :173  [32m                  [0;39m Starting Servlet engine: [Apache Tomcat/9.0.37]
2021-06-24 22:28:51.579 INFO  org.apache.catalina.core.AprLifecycleListener     :173  [32m                  [0;39m An older version [1.2.14] of the Apache Tomcat Native library is installed, while Tomcat recommends a minimum version of [1.2.23]
2021-06-24 22:28:51.579 INFO  org.apache.catalina.core.AprLifecycleListener     :173  [32m                  [0;39m Loaded Apache Tomcat Native library [1.2.14] using APR version [1.6.2].
2021-06-24 22:28:51.579 INFO  org.apache.catalina.core.AprLifecycleListener     :173  [32m                  [0;39m APR capabilities: IPv6 [true], sendfile [true], accept filters [false], random [true].
2021-06-24 22:28:51.579 INFO  org.apache.catalina.core.AprLifecycleListener     :173  [32m                  [0;39m APR/OpenSSL configuration: useAprConnector [false], useOpenSSL [true]
2021-06-24 22:28:52.637 INFO  org.apache.catalina.core.AprLifecycleListener     :173  [32m                  [0;39m OpenSSL successfully initialized [OpenSSL 1.0.2l  25 May 2017]
2021-06-24 22:28:52.684 INFO  o.a.c.core.ContainerBase.[Tomcat].[localhost].[/] :173  [32m                  [0;39m Initializing Spring embedded WebApplicationContext
2021-06-24 22:28:52.684 INFO  o.s.b.w.s.c.ServletWebServerApplicationContext    :285  [32m                  [0;39m Root WebApplicationContext: initialization completed in 2337 ms
2021-06-24 22:28:53.490 INFO  o.s.scheduling.concurrent.ThreadPoolTaskExecutor  :181  [32m                  [0;39m Initializing ExecutorService 'applicationTaskExecutor'
2021-06-24 22:28:53.537 INFO  o.s.b.d.autoconfigure.OptionalLiveReloadServer    :58   [32m                  [0;39m LiveReload server is running on port 35729
2021-06-24 22:28:53.741 INFO  org.apache.coyote.http11.Http11NioProtocol        :173  [32m                  [0;39m Starting ProtocolHandler ["http-nio-8880"]
2021-06-24 22:28:53.757 INFO  o.s.boot.web.embedded.tomcat.TomcatWebServer      :220  [32m                  [0;39m Tomcat started on port(s): 8880 (http) with context path ''
2021-06-24 22:28:53.960 INFO  com.cq.hwh.config.LoveHwhApplication              :61   [32m                  [0;39m Started LoveHwhApplication in 3.961 seconds (JVM running for 4.51)
2021-06-24 22:28:53.960 INFO  com.cq.hwh.config.LoveHwhApplication              :21   [32m                  [0;39m 启动成功！！
2021-06-24 22:28:53.975 INFO  com.cq.hwh.config.LoveHwhApplication              :22   [32m                  [0;39m 地址: 	http://127.0.0.1:8880
2021-06-24 22:29:05.445 INFO  org.apache.tomcat.util.http.parser.Cookie         :173  [32m                  [0;39m A cookie header was received [1621348084] that contained an invalid cookie. That cookie will be ignored.
 Note: further occurrences of this error will be logged at DEBUG level.
2021-06-24 22:29:05.449 INFO  o.a.c.core.ContainerBase.[Tomcat].[localhost].[/] :173  [32m                  [0;39m Initializing Spring DispatcherServlet 'dispatcherServlet'
2021-06-24 22:29:05.450 INFO  org.springframework.web.servlet.DispatcherServlet :525  [32m                  [0;39m Initializing Servlet 'dispatcherServlet'
2021-06-24 22:29:05.458 INFO  org.springframework.web.servlet.DispatcherServlet :547  [32m                  [0;39m Completed initialization in 8 ms
2021-06-24 22:29:18.351 INFO  com.cq.hwh.aspect.LogAspect                       :44   [32m                  [0;39m ------------- 开始 -------------
2021-06-24 22:29:18.352 INFO  com.cq.hwh.aspect.LogAspect                       :45   [32m                  [0;39m 请求地址: http://localhost:8880/user/login POST
2021-06-24 22:29:18.352 INFO  com.cq.hwh.aspect.LogAspect                       :46   [32m                  [0;39m 类名方法: com.cq.hwh.controller.UserController.login
2021-06-24 22:29:18.352 INFO  com.cq.hwh.aspect.LogAspect                       :47   [32m                  [0;39m 远程地址: 0:0:0:0:0:0:0:1
2021-06-24 22:29:18.394 INFO  com.cq.hwh.aspect.LogAspect                       :67   [32m                  [0;39m 请求参数: [{"loginName":"test"}]
2021-06-24 22:29:18.430 INFO  com.zaxxer.hikari.HikariDataSource                :110  [32m                  [0;39m HikariPool-1 - Starting...
2021-06-24 22:29:18.700 INFO  com.zaxxer.hikari.HikariDataSource                :123  [32m                  [0;39m HikariPool-1 - Start completed.
2021-06-24 22:29:18.741 INFO  com.cq.hwh.util.TokenUtil                         :30   [32m                  [0;39m 当前时间的时间戳1624544958741
2021-06-24 22:29:18.742 INFO  com.cq.hwh.util.TokenUtil                         :33   [32m                  [0;39m 过期时间戳为：1624545045141
2021-06-24 22:29:18.928 INFO  com.cq.hwh.aspect.LogAspect                       :79   [32m                  [0;39m 返回结果: {"content":{"id":1,"loginName":"test","name":"测试","token":"eyJhbGciOiJIUzI1NiJ9.eyJsb2dpbk5hbWUiOiJ0ZXN0IiwibmFtZSI6Iua1i-ivlSIsImlkIjoxLCJleHAiOjE2MjQ1NDUwNDUsImlhdCI6MTYyNDU0NDk1OH0.5NGBa0lqSqQgYHBcVPAF-PnU_vTKE2KOq9ETMX-gqw8"},"success":true}
2021-06-24 22:29:18.928 INFO  com.cq.hwh.aspect.LogAspect                       :80   [32m                  [0;39m ------------- 结束 耗时：578 ms -------------
2021-06-24 22:29:32.612 INFO  com.cq.hwh.aspect.LogAspect                       :44   [32m                  [0;39m ------------- 开始 -------------
2021-06-24 22:29:32.612 INFO  com.cq.hwh.aspect.LogAspect                       :45   [32m                  [0;39m 请求地址: http://localhost:8880/test/token POST
2021-06-24 22:29:32.612 INFO  com.cq.hwh.aspect.LogAspect                       :46   [32m                  [0;39m 类名方法: com.cq.hwh.controller.TestController.token
2021-06-24 22:29:32.613 INFO  com.cq.hwh.aspect.LogAspect                       :47   [32m                  [0;39m 远程地址: 0:0:0:0:0:0:0:1
2021-06-24 22:29:32.613 INFO  com.cq.hwh.aspect.LogAspect                       :67   [32m                  [0;39m 请求参数: ["eyJhbGciOiJIUzI1NiJ9.eyJsb2dpbk5hbWUiOiJ0ZXN0IiwibmFtZSI6Iua1i-ivlSIsImlkIjoxLCJleHAiOjE2MjQ1NDUwNDUsImlhdCI6MTYyNDU0NDk1OH0.5NGBa0lqSqQgYHBcVPAF-PnU_vTKE2KOq9ETMX-gqw8"]
2021-06-24 22:29:32.633 INFO  com.cq.hwh.aspect.LogAspect                       :79   [32m                  [0;39m 返回结果: true
2021-06-24 22:29:32.634 INFO  com.cq.hwh.aspect.LogAspect                       :80   [32m                  [0;39m ------------- 结束 耗时：23 ms -------------
2021-06-24 22:29:39.907 INFO  com.cq.hwh.aspect.LogAspect                       :44   [32m                  [0;39m ------------- 开始 -------------
2021-06-24 22:29:39.907 INFO  com.cq.hwh.aspect.LogAspect                       :45   [32m                  [0;39m 请求地址: http://localhost:8880/test/token POST
2021-06-24 22:29:39.907 INFO  com.cq.hwh.aspect.LogAspect                       :46   [32m                  [0;39m 类名方法: com.cq.hwh.controller.TestController.token
2021-06-24 22:29:39.907 INFO  com.cq.hwh.aspect.LogAspect                       :47   [32m                  [0;39m 远程地址: 0:0:0:0:0:0:0:1
2021-06-24 22:29:39.908 INFO  com.cq.hwh.aspect.LogAspect                       :67   [32m                  [0;39m 请求参数: ["eyJhbGciOiJIUzI1NiJ9.eyJsb2dpbk5hbWUiOiJ0ZXN0IiwibmFtZSI6Iua1i-ivlSIsImlkIjoxLCJleHAiOjE2MjQ1NDUwNDUsImlhdCI6MTYyNDU0NDk1OH0.5NGBa0lqSqQgYHBcVPAF-PnU_vTKE2KOq9ETMX-gqw"]
2021-06-24 22:29:39.909 INFO  com.cq.hwh.aspect.LogAspect                       :79   [32m                  [0;39m 返回结果: false
2021-06-24 22:29:39.909 INFO  com.cq.hwh.aspect.LogAspect                       :80   [32m                  [0;39m ------------- 结束 耗时：2 ms -------------
2021-06-24 22:29:46.481 INFO  com.cq.hwh.aspect.LogAspect                       :44   [32m                  [0;39m ------------- 开始 -------------
2021-06-24 22:29:46.482 INFO  com.cq.hwh.aspect.LogAspect                       :45   [32m                  [0;39m 请求地址: http://localhost:8880/test/token POST
2021-06-24 22:29:46.482 INFO  com.cq.hwh.aspect.LogAspect                       :46   [32m                  [0;39m 类名方法: com.cq.hwh.controller.TestController.token
2021-06-24 22:29:46.483 INFO  com.cq.hwh.aspect.LogAspect                       :47   [32m                  [0;39m 远程地址: 0:0:0:0:0:0:0:1
2021-06-24 22:29:46.483 INFO  com.cq.hwh.aspect.LogAspect                       :67   [32m                  [0;39m 请求参数: ["eyJhbGciOiJIUzI1NiJ9.eyJsb2dpbk5hbWUiOiJ0ZXN0IiwibmFtZSI6Iua1i-ivlSIsImlkIjoxLCJleHAiOjE2MjQ1NDUwNDUsImlhdCI6MTYyNDU0NDk1OH0.5NGBa0lqSqQgYHBcVPAF-PnU_vTKE2KOq9ETMX-gqw9"]
2021-06-24 22:29:46.484 INFO  com.cq.hwh.aspect.LogAspect                       :79   [32m                  [0;39m 返回结果: true
2021-06-24 22:29:46.484 INFO  com.cq.hwh.aspect.LogAspect                       :80   [32m                  [0;39m ------------- 结束 耗时：3 ms -------------
