2021-07-09 19:07:13.414 INFO  org.hibernate.validator.internal.util.Version     :21   [32m                  [0;39m HV000001: Hibernate Validator 6.1.5.Final
2021-07-09 19:07:13.461 INFO  com.cq.hwh.config.LoveHwhApplication              :55   [32m                  [0;39m Starting LoveHwhApplication on LAPTOP-T0P8U4U3 with PID 4256 (D:\IdeaProjects\loveHWH\target\classes started by 程崎 in D:\IdeaProjects\loveHWH)
2021-07-09 19:07:13.461 INFO  com.cq.hwh.config.LoveHwhApplication              :651  [32m                  [0;39m No active profile set, falling back to default profiles: default
2021-07-09 19:07:13.515 INFO  o.s.b.d.env.DevToolsPropertyDefaultsPostProcessor :225  [32m                  [0;39m Devtools property defaults active! Set 'spring.devtools.add-properties' to 'false' to disable
2021-07-09 19:07:13.515 INFO  o.s.b.d.env.DevToolsPropertyDefaultsPostProcessor :225  [32m                  [0;39m For additional web related logging consider setting the 'logging.level.web' property to 'DEBUG'
2021-07-09 19:07:14.862 INFO  o.s.boot.web.embedded.tomcat.TomcatWebServer      :108  [32m                  [0;39m Tomcat initialized with port(s): 8880 (http)
2021-07-09 19:07:14.878 INFO  org.apache.coyote.http11.Http11NioProtocol        :173  [32m                  [0;39m Initializing ProtocolHandler ["http-nio-8880"]
2021-07-09 19:07:14.878 INFO  org.apache.catalina.core.StandardService          :173  [32m                  [0;39m Starting service [Tomcat]
2021-07-09 19:07:14.878 INFO  org.apache.catalina.core.StandardEngine           :173  [32m                  [0;39m Starting Servlet engine: [Apache Tomcat/9.0.37]
2021-07-09 19:07:14.878 INFO  org.apache.catalina.core.AprLifecycleListener     :173  [32m                  [0;39m An older version [1.2.14] of the Apache Tomcat Native library is installed, while Tomcat recommends a minimum version of [1.2.23]
2021-07-09 19:07:14.878 INFO  org.apache.catalina.core.AprLifecycleListener     :173  [32m                  [0;39m Loaded Apache Tomcat Native library [1.2.14] using APR version [1.6.2].
2021-07-09 19:07:14.878 INFO  org.apache.catalina.core.AprLifecycleListener     :173  [32m                  [0;39m APR capabilities: IPv6 [true], sendfile [true], accept filters [false], random [true].
2021-07-09 19:07:14.878 INFO  org.apache.catalina.core.AprLifecycleListener     :173  [32m                  [0;39m APR/OpenSSL configuration: useAprConnector [false], useOpenSSL [true]
2021-07-09 19:07:15.923 INFO  org.apache.catalina.core.AprLifecycleListener     :173  [32m                  [0;39m OpenSSL successfully initialized [OpenSSL 1.0.2l  25 May 2017]
2021-07-09 19:07:15.985 INFO  o.a.c.core.ContainerBase.[Tomcat].[localhost].[/] :173  [32m                  [0;39m Initializing Spring embedded WebApplicationContext
2021-07-09 19:07:15.985 INFO  o.s.b.w.s.c.ServletWebServerApplicationContext    :285  [32m                  [0;39m Root WebApplicationContext: initialization completed in 2470 ms
2021-07-09 19:07:16.901 INFO  o.s.scheduling.concurrent.ThreadPoolTaskExecutor  :181  [32m                  [0;39m Initializing ExecutorService 'applicationTaskExecutor'
2021-07-09 19:07:16.965 INFO  o.s.b.d.autoconfigure.OptionalLiveReloadServer    :58   [32m                  [0;39m LiveReload server is running on port 35729
2021-07-09 19:07:17.263 INFO  org.apache.coyote.http11.Http11NioProtocol        :173  [32m                  [0;39m Starting ProtocolHandler ["http-nio-8880"]
2021-07-09 19:07:17.294 INFO  o.s.boot.web.embedded.tomcat.TomcatWebServer      :220  [32m                  [0;39m Tomcat started on port(s): 8880 (http) with context path ''
2021-07-09 19:07:17.559 INFO  com.cq.hwh.config.LoveHwhApplication              :61   [32m                  [0;39m Started LoveHwhApplication in 4.525 seconds (JVM running for 5.251)
2021-07-09 19:07:17.564 INFO  com.cq.hwh.config.LoveHwhApplication              :21   [32m                  [0;39m 启动成功！！
2021-07-09 19:07:17.564 INFO  com.cq.hwh.config.LoveHwhApplication              :22   [32m                  [0;39m 地址: 	http://127.0.0.1:8880
2021-07-09 19:07:28.315 INFO  org.apache.tomcat.util.http.parser.Cookie         :173  [32m                  [0;39m A cookie header was received [1621348084] that contained an invalid cookie. That cookie will be ignored.
 Note: further occurrences of this error will be logged at DEBUG level.
2021-07-09 19:07:28.320 INFO  o.a.c.core.ContainerBase.[Tomcat].[localhost].[/] :173  [32m                  [0;39m Initializing Spring DispatcherServlet 'dispatcherServlet'
2021-07-09 19:07:28.321 INFO  org.springframework.web.servlet.DispatcherServlet :525  [32m                  [0;39m Initializing Servlet 'dispatcherServlet'
2021-07-09 19:07:28.329 INFO  org.springframework.web.servlet.DispatcherServlet :547  [32m                  [0;39m Completed initialization in 8 ms
2021-07-09 19:08:55.277 INFO  o.s.scheduling.concurrent.ThreadPoolTaskExecutor  :218  [32m                  [0;39m Shutting down ExecutorService 'applicationTaskExecutor'
2021-07-09 19:08:55.434 INFO  com.cq.hwh.config.LoveHwhApplication              :55   [32m                  [0;39m Starting LoveHwhApplication on LAPTOP-T0P8U4U3 with PID 4256 (D:\IdeaProjects\loveHWH\target\classes started by 程崎 in D:\IdeaProjects\loveHWH)
2021-07-09 19:08:55.434 INFO  com.cq.hwh.config.LoveHwhApplication              :651  [32m                  [0;39m No active profile set, falling back to default profiles: default
2021-07-09 19:08:55.762 INFO  o.s.boot.web.embedded.tomcat.TomcatWebServer      :108  [32m                  [0;39m Tomcat initialized with port(s): 8880 (http)
2021-07-09 19:08:55.762 INFO  org.apache.coyote.http11.Http11NioProtocol        :173  [32m                  [0;39m Initializing ProtocolHandler ["http-nio-8880"]
2021-07-09 19:08:55.762 INFO  org.apache.catalina.core.StandardService          :173  [32m                  [0;39m Starting service [Tomcat]
2021-07-09 19:08:55.762 INFO  org.apache.catalina.core.StandardEngine           :173  [32m                  [0;39m Starting Servlet engine: [Apache Tomcat/9.0.37]
2021-07-09 19:08:55.762 INFO  org.apache.catalina.core.AprLifecycleListener     :173  [32m                  [0;39m An older version [1.2.14] of the Apache Tomcat Native library is installed, while Tomcat recommends a minimum version of [1.2.23]
2021-07-09 19:08:55.762 INFO  org.apache.catalina.core.AprLifecycleListener     :173  [32m                  [0;39m Loaded Apache Tomcat Native library [1.2.14] using APR version [1.6.2].
2021-07-09 19:08:55.762 INFO  org.apache.catalina.core.AprLifecycleListener     :173  [32m                  [0;39m APR capabilities: IPv6 [true], sendfile [true], accept filters [false], random [true].
2021-07-09 19:08:55.762 INFO  org.apache.catalina.core.AprLifecycleListener     :173  [32m                  [0;39m APR/OpenSSL configuration: useAprConnector [false], useOpenSSL [true]
2021-07-09 19:08:55.762 INFO  org.apache.catalina.core.AprLifecycleListener     :173  [32m                  [0;39m OpenSSL successfully initialized [OpenSSL 1.0.2l  25 May 2017]
2021-07-09 19:08:55.762 INFO  o.a.c.core.ContainerBase.[Tomcat].[localhost].[/] :173  [32m                  [0;39m Initializing Spring embedded WebApplicationContext
2021-07-09 19:08:55.762 INFO  o.s.b.w.s.c.ServletWebServerApplicationContext    :285  [32m                  [0;39m Root WebApplicationContext: initialization completed in 328 ms
2021-07-09 19:08:56.100 INFO  o.s.scheduling.concurrent.ThreadPoolTaskExecutor  :181  [32m                  [0;39m Initializing ExecutorService 'applicationTaskExecutor'
2021-07-09 19:08:56.116 INFO  o.s.b.d.autoconfigure.OptionalLiveReloadServer    :58   [32m                  [0;39m LiveReload server is running on port 35729
2021-07-09 19:08:56.256 INFO  org.apache.coyote.http11.Http11NioProtocol        :173  [32m                  [0;39m Starting ProtocolHandler ["http-nio-8880"]
2021-07-09 19:08:56.256 INFO  o.s.boot.web.embedded.tomcat.TomcatWebServer      :220  [32m                  [0;39m Tomcat started on port(s): 8880 (http) with context path ''
2021-07-09 19:08:56.334 INFO  com.cq.hwh.config.LoveHwhApplication              :61   [32m                  [0;39m Started LoveHwhApplication in 0.928 seconds (JVM running for 104.03)
2021-07-09 19:08:56.334 INFO  o.s.b.d.a.ConditionEvaluationDeltaLoggingListener :63   [32m                  [0;39m Condition evaluation unchanged
2021-07-09 19:08:56.334 INFO  com.cq.hwh.config.LoveHwhApplication              :21   [32m                  [0;39m 启动成功！！
2021-07-09 19:08:56.334 INFO  com.cq.hwh.config.LoveHwhApplication              :22   [32m                  [0;39m 地址: 	http://127.0.0.1:8880
2021-07-09 19:08:59.610 INFO  o.a.c.core.ContainerBase.[Tomcat].[localhost].[/] :173  [32m                  [0;39m Initializing Spring DispatcherServlet 'dispatcherServlet'
2021-07-09 19:08:59.611 INFO  org.springframework.web.servlet.DispatcherServlet :525  [32m                  [0;39m Initializing Servlet 'dispatcherServlet'
2021-07-09 19:08:59.615 INFO  org.springframework.web.servlet.DispatcherServlet :547  [32m                  [0;39m Completed initialization in 4 ms
2021-07-09 19:10:00.061 INFO  o.s.scheduling.concurrent.ThreadPoolTaskExecutor  :218  [32m                  [0;39m Shutting down ExecutorService 'applicationTaskExecutor'
2021-07-09 19:10:00.206 INFO  com.cq.hwh.config.LoveHwhApplication              :55   [32m                  [0;39m Starting LoveHwhApplication on LAPTOP-T0P8U4U3 with PID 4256 (D:\IdeaProjects\loveHWH\target\classes started by 程崎 in D:\IdeaProjects\loveHWH)
2021-07-09 19:10:00.207 INFO  com.cq.hwh.config.LoveHwhApplication              :651  [32m                  [0;39m No active profile set, falling back to default profiles: default
2021-07-09 19:10:00.528 INFO  o.s.boot.web.embedded.tomcat.TomcatWebServer      :108  [32m                  [0;39m Tomcat initialized with port(s): 8880 (http)
2021-07-09 19:10:00.528 INFO  org.apache.coyote.http11.Http11NioProtocol        :173  [32m                  [0;39m Initializing ProtocolHandler ["http-nio-8880"]
2021-07-09 19:10:00.528 INFO  org.apache.catalina.core.StandardService          :173  [32m                  [0;39m Starting service [Tomcat]
2021-07-09 19:10:00.528 INFO  org.apache.catalina.core.StandardEngine           :173  [32m                  [0;39m Starting Servlet engine: [Apache Tomcat/9.0.37]
2021-07-09 19:10:00.529 INFO  org.apache.catalina.core.AprLifecycleListener     :173  [32m                  [0;39m An older version [1.2.14] of the Apache Tomcat Native library is installed, while Tomcat recommends a minimum version of [1.2.23]
2021-07-09 19:10:00.529 INFO  org.apache.catalina.core.AprLifecycleListener     :173  [32m                  [0;39m Loaded Apache Tomcat Native library [1.2.14] using APR version [1.6.2].
2021-07-09 19:10:00.529 INFO  org.apache.catalina.core.AprLifecycleListener     :173  [32m                  [0;39m APR capabilities: IPv6 [true], sendfile [true], accept filters [false], random [true].
2021-07-09 19:10:00.529 INFO  org.apache.catalina.core.AprLifecycleListener     :173  [32m                  [0;39m APR/OpenSSL configuration: useAprConnector [false], useOpenSSL [true]
2021-07-09 19:10:00.529 INFO  org.apache.catalina.core.AprLifecycleListener     :173  [32m                  [0;39m OpenSSL successfully initialized [OpenSSL 1.0.2l  25 May 2017]
2021-07-09 19:10:00.540 INFO  o.a.c.core.ContainerBase.[Tomcat].[localhost].[/] :173  [32m                  [0;39m Initializing Spring embedded WebApplicationContext
2021-07-09 19:10:00.540 INFO  o.s.b.w.s.c.ServletWebServerApplicationContext    :285  [32m                  [0;39m Root WebApplicationContext: initialization completed in 331 ms
2021-07-09 19:10:00.842 INFO  o.s.scheduling.concurrent.ThreadPoolTaskExecutor  :181  [32m                  [0;39m Initializing ExecutorService 'applicationTaskExecutor'
2021-07-09 19:10:00.857 INFO  o.s.b.d.autoconfigure.OptionalLiveReloadServer    :58   [32m                  [0;39m LiveReload server is running on port 35729
2021-07-09 19:10:00.985 INFO  org.apache.coyote.http11.Http11NioProtocol        :173  [32m                  [0;39m Starting ProtocolHandler ["http-nio-8880"]
2021-07-09 19:10:00.991 INFO  o.s.boot.web.embedded.tomcat.TomcatWebServer      :220  [32m                  [0;39m Tomcat started on port(s): 8880 (http) with context path ''
2021-07-09 19:10:01.052 INFO  com.cq.hwh.config.LoveHwhApplication              :61   [32m                  [0;39m Started LoveHwhApplication in 0.871 seconds (JVM running for 168.744)
2021-07-09 19:10:01.054 INFO  o.s.b.d.a.ConditionEvaluationDeltaLoggingListener :63   [32m                  [0;39m Condition evaluation unchanged
2021-07-09 19:10:01.054 INFO  com.cq.hwh.config.LoveHwhApplication              :21   [32m                  [0;39m 启动成功！！
2021-07-09 19:10:01.054 INFO  com.cq.hwh.config.LoveHwhApplication              :22   [32m                  [0;39m 地址: 	http://127.0.0.1:8880
2021-07-09 19:10:12.043 INFO  o.a.c.core.ContainerBase.[Tomcat].[localhost].[/] :173  [32m                  [0;39m Initializing Spring DispatcherServlet 'dispatcherServlet'
2021-07-09 19:10:12.043 INFO  org.springframework.web.servlet.DispatcherServlet :525  [32m                  [0;39m Initializing Servlet 'dispatcherServlet'
2021-07-09 19:10:12.052 INFO  org.springframework.web.servlet.DispatcherServlet :547  [32m                  [0;39m Completed initialization in 8 ms
2021-07-09 19:10:12.052 INFO  com.cq.hwh.interceptor.LoginInterceptor           :33   [32m                  [0;39m ------------- LoginInterceptor 开始 -------------
2021-07-09 19:10:12.052 INFO  com.cq.hwh.interceptor.LoginInterceptor           :38   [32m                  [0;39m 从请求头里获取token：null
2021-07-09 19:10:12.055 WARN  com.cq.hwh.exception.ControllerExceptionHandler   :43   [32m                  [0;39m 业务异常：无令牌，请重新登录
2021-07-09 19:10:12.058 WARN  o.s.w.s.m.m.a.ExceptionHandlerExceptionResolver   :199  [32m                  [0;39m Resolved [com.cq.hwh.exception.BusinessException: 无令牌，请重新登录]
2021-07-09 19:10:28.451 INFO  com.cq.hwh.aspect.LogAspect                       :45   [32m                  [0;39m ------------- 开始 -------------
2021-07-09 19:10:28.452 INFO  com.cq.hwh.aspect.LogAspect                       :46   [32m                  [0;39m 请求地址: http://localhost:8880/user/login POST
2021-07-09 19:10:28.452 INFO  com.cq.hwh.aspect.LogAspect                       :47   [32m                  [0;39m 类名方法: com.cq.hwh.controller.UserController.login
2021-07-09 19:10:28.452 INFO  com.cq.hwh.aspect.LogAspect                       :48   [32m                  [0;39m 远程地址: 0:0:0:0:0:0:0:1
2021-07-09 19:10:28.495 INFO  com.cq.hwh.aspect.LogAspect                       :70   [32m                  [0;39m 请求参数: [{"loginName":"test"}]
2021-07-09 19:10:28.533 INFO  com.zaxxer.hikari.HikariDataSource                :110  [32m                  [0;39m HikariPool-1 - Starting...
2021-07-09 19:10:28.786 INFO  com.zaxxer.hikari.HikariDataSource                :123  [32m                  [0;39m HikariPool-1 - Start completed.
2021-07-09 19:10:28.833 INFO  com.cq.hwh.util.TokenUtil                         :30   [32m                  [0;39m 当前时间的时间戳1625829028833
2021-07-09 19:10:28.833 INFO  com.cq.hwh.util.TokenUtil                         :33   [32m                  [0;39m 过期时间戳为：1625915428833
2021-07-09 19:10:29.022 INFO  com.cq.hwh.aspect.LogAspect                       :82   [32m                  [0;39m 返回结果: {"content":{"id":1,"loginName":"test","name":"测试","token":"eyJhbGciOiJIUzI1NiJ9.eyJsb2dpbk5hbWUiOiJ0ZXN0IiwibmFtZSI6Iua1i-ivlSIsImlkIjoxLCJleHAiOjE2MjU5MTU0MjgsImlhdCI6MTYyNTgyOTAyOH0.2ieZGtd4gZARNmE6ASG14IfA7dU_qWTGCMoW-2HPpbY"},"success":true}
2021-07-09 19:10:29.023 INFO  com.cq.hwh.aspect.LogAspect                       :83   [32m                  [0;39m ------------- 结束 耗时：574 ms -------------
2021-07-09 19:10:40.713 INFO  com.cq.hwh.interceptor.LoginInterceptor           :33   [32m                  [0;39m ------------- LoginInterceptor 开始 -------------
2021-07-09 19:10:40.713 INFO  com.cq.hwh.interceptor.LoginInterceptor           :38   [32m                  [0;39m 从请求头里获取token：eyJhbGciOiJIUzI1NiJ9.eyJsb2dpbk5hbWUiOiJ0ZXN0IiwibmFtZSI6Iua1i-ivlSIsImlkIjoxLCJleHAiOjE2MjU5MTU0MjgsImlhdCI6MTYyNTgyOTAyOH0.2ieZGtd4gZARNmE6ASG14IfA7dU_qWTGCMoW-2HPpbY
2021-07-09 19:10:40.738 INFO  com.cq.hwh.interceptor.LoginInterceptor           :60   [32m                  [0;39m token：eyJhbGciOiJIUzI1NiJ9.eyJsb2dpbk5hbWUiOiJ0ZXN0IiwibmFtZSI6Iua1i-ivlSIsImlkIjoxLCJleHAiOjE2MjU5MTU0MjgsImlhdCI6MTYyNTgyOTAyOH0.2ieZGtd4gZARNmE6ASG14IfA7dU_qWTGCMoW-2HPpbY验证通过
2021-07-09 19:10:40.741 ERROR com.cq.hwh.exception.ControllerExceptionHandler   :58   [32m                  [0;39m 系统异常：
org.springframework.http.converter.HttpMessageNotReadableException: Required request body is missing: public com.cq.hwh.resp.CommonResp com.cq.hwh.controller.CategoryController.list(com.cq.hwh.req.CategoryQueryReq)
	at org.springframework.web.servlet.mvc.method.annotation.RequestResponseBodyMethodProcessor.readWithMessageConverters(RequestResponseBodyMethodProcessor.java:161)
	at org.springframework.web.servlet.mvc.method.annotation.RequestResponseBodyMethodProcessor.resolveArgument(RequestResponseBodyMethodProcessor.java:131)
	at org.springframework.web.method.support.HandlerMethodArgumentResolverComposite.resolveArgument(HandlerMethodArgumentResolverComposite.java:121)
	at org.springframework.web.method.support.InvocableHandlerMethod.getMethodArgumentValues(InvocableHandlerMethod.java:167)
	at org.springframework.web.method.support.InvocableHandlerMethod.invokeForRequest(InvocableHandlerMethod.java:134)
	at org.springframework.web.servlet.mvc.method.annotation.ServletInvocableHandlerMethod.invokeAndHandle(ServletInvocableHandlerMethod.java:105)
	at org.springframework.web.servlet.mvc.method.annotation.RequestMappingHandlerAdapter.invokeHandlerMethod(RequestMappingHandlerAdapter.java:878)
	at org.springframework.web.servlet.mvc.method.annotation.RequestMappingHandlerAdapter.handleInternal(RequestMappingHandlerAdapter.java:792)
	at org.springframework.web.servlet.mvc.method.AbstractHandlerMethodAdapter.handle(AbstractHandlerMethodAdapter.java:87)
	at org.springframework.web.servlet.DispatcherServlet.doDispatch(DispatcherServlet.java:1040)
	at org.springframework.web.servlet.DispatcherServlet.doService(DispatcherServlet.java:943)
	at org.springframework.web.servlet.FrameworkServlet.processRequest(FrameworkServlet.java:1006)
	at org.springframework.web.servlet.FrameworkServlet.doGet(FrameworkServlet.java:898)
	at javax.servlet.http.HttpServlet.service(HttpServlet.java:626)
	at org.springframework.web.servlet.FrameworkServlet.service(FrameworkServlet.java:883)
	at javax.servlet.http.HttpServlet.service(HttpServlet.java:733)
	at org.apache.catalina.core.ApplicationFilterChain.internalDoFilter(ApplicationFilterChain.java:231)
	at org.apache.catalina.core.ApplicationFilterChain.doFilter(ApplicationFilterChain.java:166)
	at org.apache.tomcat.websocket.server.WsFilter.doFilter(WsFilter.java:53)
	at org.apache.catalina.core.ApplicationFilterChain.internalDoFilter(ApplicationFilterChain.java:193)
	at org.apache.catalina.core.ApplicationFilterChain.doFilter(ApplicationFilterChain.java:166)
	at org.springframework.web.filter.RequestContextFilter.doFilterInternal(RequestContextFilter.java:100)
	at org.springframework.web.filter.OncePerRequestFilter.doFilter(OncePerRequestFilter.java:119)
	at org.apache.catalina.core.ApplicationFilterChain.internalDoFilter(ApplicationFilterChain.java:193)
	at org.apache.catalina.core.ApplicationFilterChain.doFilter(ApplicationFilterChain.java:166)
	at org.springframework.web.filter.FormContentFilter.doFilterInternal(FormContentFilter.java:93)
	at org.springframework.web.filter.OncePerRequestFilter.doFilter(OncePerRequestFilter.java:119)
	at org.apache.catalina.core.ApplicationFilterChain.internalDoFilter(ApplicationFilterChain.java:193)
	at org.apache.catalina.core.ApplicationFilterChain.doFilter(ApplicationFilterChain.java:166)
	at org.springframework.web.filter.CharacterEncodingFilter.doFilterInternal(CharacterEncodingFilter.java:201)
	at org.springframework.web.filter.OncePerRequestFilter.doFilter(OncePerRequestFilter.java:119)
	at org.apache.catalina.core.ApplicationFilterChain.internalDoFilter(ApplicationFilterChain.java:193)
	at org.apache.catalina.core.ApplicationFilterChain.doFilter(ApplicationFilterChain.java:166)
	at org.apache.catalina.core.StandardWrapperValve.invoke(StandardWrapperValve.java:202)
	at org.apache.catalina.core.StandardContextValve.invoke(StandardContextValve.java:96)
	at org.apache.catalina.authenticator.AuthenticatorBase.invoke(AuthenticatorBase.java:541)
	at org.apache.catalina.core.StandardHostValve.invoke(StandardHostValve.java:139)
	at org.apache.catalina.valves.ErrorReportValve.invoke(ErrorReportValve.java:92)
	at org.apache.catalina.core.StandardEngineValve.invoke(StandardEngineValve.java:74)
	at org.apache.catalina.connector.CoyoteAdapter.service(CoyoteAdapter.java:343)
	at org.apache.coyote.http11.Http11Processor.service(Http11Processor.java:373)
	at org.apache.coyote.AbstractProcessorLight.process(AbstractProcessorLight.java:65)
	at org.apache.coyote.AbstractProtocol$ConnectionHandler.process(AbstractProtocol.java:868)
	at org.apache.tomcat.util.net.NioEndpoint$SocketProcessor.doRun(NioEndpoint.java:1589)
	at org.apache.tomcat.util.net.SocketProcessorBase.run(SocketProcessorBase.java:49)
	at java.util.concurrent.ThreadPoolExecutor.runWorker(ThreadPoolExecutor.java:1149)
	at java.util.concurrent.ThreadPoolExecutor$Worker.run(ThreadPoolExecutor.java:624)
	at org.apache.tomcat.util.threads.TaskThread$WrappingRunnable.run(TaskThread.java:61)
	at java.lang.Thread.run(Thread.java:748)
2021-07-09 19:10:40.744 WARN  o.s.w.s.m.m.a.ExceptionHandlerExceptionResolver   :199  [32m                  [0;39m Resolved [org.springframework.http.converter.HttpMessageNotReadableException: Required request body is missing: public com.cq.hwh.resp.CommonResp com.cq.hwh.controller.CategoryController.list(com.cq.hwh.req.CategoryQueryReq)]
2021-07-09 19:10:54.948 INFO  com.cq.hwh.interceptor.LoginInterceptor           :33   [32m                  [0;39m ------------- LoginInterceptor 开始 -------------
2021-07-09 19:10:54.948 INFO  com.cq.hwh.interceptor.LoginInterceptor           :38   [32m                  [0;39m 从请求头里获取token：eyJhbGciOiJIUzI1NiJ9.eyJsb2dpbk5hbWUiOiJ0ZXN0IiwibmFtZSI6Iua1i-ivlSIsImlkIjoxLCJleHAiOjE2MjU5MTU0MjgsImlhdCI6MTYyNTgyOTAyOH0.2ieZGtd4gZARNmE6ASG14IfA7dU_qWTGCMoW-2HPpbY
2021-07-09 19:10:54.949 INFO  com.cq.hwh.interceptor.LoginInterceptor           :60   [32m                  [0;39m token：eyJhbGciOiJIUzI1NiJ9.eyJsb2dpbk5hbWUiOiJ0ZXN0IiwibmFtZSI6Iua1i-ivlSIsImlkIjoxLCJleHAiOjE2MjU5MTU0MjgsImlhdCI6MTYyNTgyOTAyOH0.2ieZGtd4gZARNmE6ASG14IfA7dU_qWTGCMoW-2HPpbY验证通过
2021-07-09 19:10:54.949 ERROR com.cq.hwh.exception.ControllerExceptionHandler   :58   [32m                  [0;39m 系统异常：
org.springframework.http.converter.HttpMessageNotReadableException: Required request body is missing: public com.cq.hwh.resp.CommonResp com.cq.hwh.controller.CategoryController.list(com.cq.hwh.req.CategoryQueryReq)
	at org.springframework.web.servlet.mvc.method.annotation.RequestResponseBodyMethodProcessor.readWithMessageConverters(RequestResponseBodyMethodProcessor.java:161)
	at org.springframework.web.servlet.mvc.method.annotation.RequestResponseBodyMethodProcessor.resolveArgument(RequestResponseBodyMethodProcessor.java:131)
	at org.springframework.web.method.support.HandlerMethodArgumentResolverComposite.resolveArgument(HandlerMethodArgumentResolverComposite.java:121)
	at org.springframework.web.method.support.InvocableHandlerMethod.getMethodArgumentValues(InvocableHandlerMethod.java:167)
	at org.springframework.web.method.support.InvocableHandlerMethod.invokeForRequest(InvocableHandlerMethod.java:134)
	at org.springframework.web.servlet.mvc.method.annotation.ServletInvocableHandlerMethod.invokeAndHandle(ServletInvocableHandlerMethod.java:105)
	at org.springframework.web.servlet.mvc.method.annotation.RequestMappingHandlerAdapter.invokeHandlerMethod(RequestMappingHandlerAdapter.java:878)
	at org.springframework.web.servlet.mvc.method.annotation.RequestMappingHandlerAdapter.handleInternal(RequestMappingHandlerAdapter.java:792)
	at org.springframework.web.servlet.mvc.method.AbstractHandlerMethodAdapter.handle(AbstractHandlerMethodAdapter.java:87)
	at org.springframework.web.servlet.DispatcherServlet.doDispatch(DispatcherServlet.java:1040)
	at org.springframework.web.servlet.DispatcherServlet.doService(DispatcherServlet.java:943)
	at org.springframework.web.servlet.FrameworkServlet.processRequest(FrameworkServlet.java:1006)
	at org.springframework.web.servlet.FrameworkServlet.doGet(FrameworkServlet.java:898)
	at javax.servlet.http.HttpServlet.service(HttpServlet.java:626)
	at org.springframework.web.servlet.FrameworkServlet.service(FrameworkServlet.java:883)
	at javax.servlet.http.HttpServlet.service(HttpServlet.java:733)
	at org.apache.catalina.core.ApplicationFilterChain.internalDoFilter(ApplicationFilterChain.java:231)
	at org.apache.catalina.core.ApplicationFilterChain.doFilter(ApplicationFilterChain.java:166)
	at org.apache.tomcat.websocket.server.WsFilter.doFilter(WsFilter.java:53)
	at org.apache.catalina.core.ApplicationFilterChain.internalDoFilter(ApplicationFilterChain.java:193)
	at org.apache.catalina.core.ApplicationFilterChain.doFilter(ApplicationFilterChain.java:166)
	at org.springframework.web.filter.RequestContextFilter.doFilterInternal(RequestContextFilter.java:100)
	at org.springframework.web.filter.OncePerRequestFilter.doFilter(OncePerRequestFilter.java:119)
	at org.apache.catalina.core.ApplicationFilterChain.internalDoFilter(ApplicationFilterChain.java:193)
	at org.apache.catalina.core.ApplicationFilterChain.doFilter(ApplicationFilterChain.java:166)
	at org.springframework.web.filter.FormContentFilter.doFilterInternal(FormContentFilter.java:93)
	at org.springframework.web.filter.OncePerRequestFilter.doFilter(OncePerRequestFilter.java:119)
	at org.apache.catalina.core.ApplicationFilterChain.internalDoFilter(ApplicationFilterChain.java:193)
	at org.apache.catalina.core.ApplicationFilterChain.doFilter(ApplicationFilterChain.java:166)
	at org.springframework.web.filter.CharacterEncodingFilter.doFilterInternal(CharacterEncodingFilter.java:201)
	at org.springframework.web.filter.OncePerRequestFilter.doFilter(OncePerRequestFilter.java:119)
	at org.apache.catalina.core.ApplicationFilterChain.internalDoFilter(ApplicationFilterChain.java:193)
	at org.apache.catalina.core.ApplicationFilterChain.doFilter(ApplicationFilterChain.java:166)
	at org.apache.catalina.core.StandardWrapperValve.invoke(StandardWrapperValve.java:202)
	at org.apache.catalina.core.StandardContextValve.invoke(StandardContextValve.java:96)
	at org.apache.catalina.authenticator.AuthenticatorBase.invoke(AuthenticatorBase.java:541)
	at org.apache.catalina.core.StandardHostValve.invoke(StandardHostValve.java:139)
	at org.apache.catalina.valves.ErrorReportValve.invoke(ErrorReportValve.java:92)
	at org.apache.catalina.core.StandardEngineValve.invoke(StandardEngineValve.java:74)
	at org.apache.catalina.connector.CoyoteAdapter.service(CoyoteAdapter.java:343)
	at org.apache.coyote.http11.Http11Processor.service(Http11Processor.java:373)
	at org.apache.coyote.AbstractProcessorLight.process(AbstractProcessorLight.java:65)
	at org.apache.coyote.AbstractProtocol$ConnectionHandler.process(AbstractProtocol.java:868)
	at org.apache.tomcat.util.net.NioEndpoint$SocketProcessor.doRun(NioEndpoint.java:1589)
	at org.apache.tomcat.util.net.SocketProcessorBase.run(SocketProcessorBase.java:49)
	at java.util.concurrent.ThreadPoolExecutor.runWorker(ThreadPoolExecutor.java:1149)
	at java.util.concurrent.ThreadPoolExecutor$Worker.run(ThreadPoolExecutor.java:624)
	at org.apache.tomcat.util.threads.TaskThread$WrappingRunnable.run(TaskThread.java:61)
	at java.lang.Thread.run(Thread.java:748)
2021-07-09 19:10:54.951 WARN  o.s.w.s.m.m.a.ExceptionHandlerExceptionResolver   :199  [32m                  [0;39m Resolved [org.springframework.http.converter.HttpMessageNotReadableException: Required request body is missing: public com.cq.hwh.resp.CommonResp com.cq.hwh.controller.CategoryController.list(com.cq.hwh.req.CategoryQueryReq)]
2021-07-09 19:13:08.181 INFO  o.s.scheduling.concurrent.ThreadPoolTaskExecutor  :218  [32m                  [0;39m Shutting down ExecutorService 'applicationTaskExecutor'
2021-07-09 19:13:08.182 INFO  com.zaxxer.hikari.HikariDataSource                :350  [32m                  [0;39m HikariPool-1 - Shutdown initiated...
2021-07-09 19:13:08.190 INFO  com.zaxxer.hikari.HikariDataSource                :352  [32m                  [0;39m HikariPool-1 - Shutdown completed.
2021-07-09 19:13:08.364 INFO  com.cq.hwh.config.LoveHwhApplication              :55   [32m                  [0;39m Starting LoveHwhApplication on LAPTOP-T0P8U4U3 with PID 4256 (D:\IdeaProjects\loveHWH\target\classes started by 程崎 in D:\IdeaProjects\loveHWH)
2021-07-09 19:13:08.364 INFO  com.cq.hwh.config.LoveHwhApplication              :651  [32m                  [0;39m No active profile set, falling back to default profiles: default
2021-07-09 19:13:08.738 INFO  o.s.boot.web.embedded.tomcat.TomcatWebServer      :108  [32m                  [0;39m Tomcat initialized with port(s): 8880 (http)
2021-07-09 19:13:08.739 INFO  org.apache.coyote.http11.Http11NioProtocol        :173  [32m                  [0;39m Initializing ProtocolHandler ["http-nio-8880"]
2021-07-09 19:13:08.739 INFO  org.apache.catalina.core.StandardService          :173  [32m                  [0;39m Starting service [Tomcat]
2021-07-09 19:13:08.739 INFO  org.apache.catalina.core.StandardEngine           :173  [32m                  [0;39m Starting Servlet engine: [Apache Tomcat/9.0.37]
2021-07-09 19:13:08.740 INFO  org.apache.catalina.core.AprLifecycleListener     :173  [32m                  [0;39m An older version [1.2.14] of the Apache Tomcat Native library is installed, while Tomcat recommends a minimum version of [1.2.23]
2021-07-09 19:13:08.740 INFO  org.apache.catalina.core.AprLifecycleListener     :173  [32m                  [0;39m Loaded Apache Tomcat Native library [1.2.14] using APR version [1.6.2].
2021-07-09 19:13:08.740 INFO  org.apache.catalina.core.AprLifecycleListener     :173  [32m                  [0;39m APR capabilities: IPv6 [true], sendfile [true], accept filters [false], random [true].
2021-07-09 19:13:08.740 INFO  org.apache.catalina.core.AprLifecycleListener     :173  [32m                  [0;39m APR/OpenSSL configuration: useAprConnector [false], useOpenSSL [true]
2021-07-09 19:13:08.741 INFO  org.apache.catalina.core.AprLifecycleListener     :173  [32m                  [0;39m OpenSSL successfully initialized [OpenSSL 1.0.2l  25 May 2017]
2021-07-09 19:13:08.753 INFO  o.a.c.core.ContainerBase.[Tomcat].[localhost].[/] :173  [32m                  [0;39m Initializing Spring embedded WebApplicationContext
2021-07-09 19:13:08.753 INFO  o.s.b.w.s.c.ServletWebServerApplicationContext    :285  [32m                  [0;39m Root WebApplicationContext: initialization completed in 387 ms
2021-07-09 19:13:09.092 INFO  o.s.scheduling.concurrent.ThreadPoolTaskExecutor  :181  [32m                  [0;39m Initializing ExecutorService 'applicationTaskExecutor'
2021-07-09 19:13:09.112 INFO  o.s.b.d.autoconfigure.OptionalLiveReloadServer    :58   [32m                  [0;39m LiveReload server is running on port 35729
2021-07-09 19:13:09.231 INFO  org.apache.coyote.http11.Http11NioProtocol        :173  [32m                  [0;39m Starting ProtocolHandler ["http-nio-8880"]
2021-07-09 19:13:09.237 INFO  o.s.boot.web.embedded.tomcat.TomcatWebServer      :220  [32m                  [0;39m Tomcat started on port(s): 8880 (http) with context path ''
2021-07-09 19:13:09.295 INFO  com.cq.hwh.config.LoveHwhApplication              :61   [32m                  [0;39m Started LoveHwhApplication in 0.956 seconds (JVM running for 356.987)
2021-07-09 19:13:09.297 INFO  o.s.b.d.a.ConditionEvaluationDeltaLoggingListener :63   [32m                  [0;39m Condition evaluation unchanged
2021-07-09 19:13:09.297 INFO  com.cq.hwh.config.LoveHwhApplication              :21   [32m                  [0;39m 启动成功！！
2021-07-09 19:13:09.297 INFO  com.cq.hwh.config.LoveHwhApplication              :22   [32m                  [0;39m 地址: 	http://127.0.0.1:8880
2021-07-09 19:13:09.644 INFO  o.a.c.core.ContainerBase.[Tomcat].[localhost].[/] :173  [32m                  [0;39m Initializing Spring DispatcherServlet 'dispatcherServlet'
2021-07-09 19:13:09.644 INFO  org.springframework.web.servlet.DispatcherServlet :525  [32m                  [0;39m Initializing Servlet 'dispatcherServlet'
2021-07-09 19:13:09.650 INFO  org.springframework.web.servlet.DispatcherServlet :547  [32m                  [0;39m Completed initialization in 5 ms
2021-07-09 19:13:21.381 INFO  com.cq.hwh.interceptor.LoginInterceptor           :33   [32m                  [0;39m ------------- LoginInterceptor 开始 -------------
2021-07-09 19:13:21.381 INFO  com.cq.hwh.interceptor.LoginInterceptor           :38   [32m                  [0;39m 从请求头里获取token：eyJhbGciOiJIUzI1NiJ9.eyJsb2dpbk5hbWUiOiJ0ZXN0IiwibmFtZSI6Iua1i-ivlSIsImlkIjoxLCJleHAiOjE2MjU5MTU0MjgsImlhdCI6MTYyNTgyOTAyOH0.2ieZGtd4gZARNmE6ASG14IfA7dU_qWTGCMoW-2HPpbY
2021-07-09 19:13:21.383 INFO  com.cq.hwh.interceptor.LoginInterceptor           :60   [32m                  [0;39m token：eyJhbGciOiJIUzI1NiJ9.eyJsb2dpbk5hbWUiOiJ0ZXN0IiwibmFtZSI6Iua1i-ivlSIsImlkIjoxLCJleHAiOjE2MjU5MTU0MjgsImlhdCI6MTYyNTgyOTAyOH0.2ieZGtd4gZARNmE6ASG14IfA7dU_qWTGCMoW-2HPpbY验证通过
2021-07-09 19:13:21.444 INFO  com.cq.hwh.aspect.LogAspect                       :45   [32m                  [0;39m ------------- 开始 -------------
2021-07-09 19:13:21.445 INFO  com.cq.hwh.aspect.LogAspect                       :46   [32m                  [0;39m 请求地址: http://localhost:8880/category/list GET
2021-07-09 19:13:21.445 INFO  com.cq.hwh.aspect.LogAspect                       :47   [32m                  [0;39m 类名方法: com.cq.hwh.controller.CategoryController.list
2021-07-09 19:13:21.445 INFO  com.cq.hwh.aspect.LogAspect                       :48   [32m                  [0;39m 远程地址: 0:0:0:0:0:0:0:1
2021-07-09 19:13:21.446 INFO  com.cq.hwh.aspect.LogAspect                       :70   [32m                  [0;39m 请求参数: [{"page":1,"size":12}]
2021-07-09 19:13:21.450 INFO  com.zaxxer.hikari.HikariDataSource                :110  [32m                  [0;39m HikariPool-2 - Starting...
2021-07-09 19:13:21.575 INFO  com.zaxxer.hikari.HikariDataSource                :123  [32m                  [0;39m HikariPool-2 - Start completed.
2021-07-09 19:13:21.624 INFO  com.cq.hwh.service.CategoryService                :48   [32m                  [0;39m 总行数：5
2021-07-09 19:13:21.624 INFO  com.cq.hwh.service.CategoryService                :49   [32m                  [0;39m 总页数：1
2021-07-09 19:13:21.629 INFO  com.cq.hwh.aspect.LogAspect                       :82   [32m                  [0;39m 返回结果: {"content":{"list":[{"id":1,"name":"视频"},{"id":2,"name":"图片"},{"id":3,"name":"Word文档"},{"id":4,"name":"Excel表格"},{"id":6281021777943,"name":"txt文本"}],"total":5},"success":true}
2021-07-09 19:13:21.629 INFO  com.cq.hwh.aspect.LogAspect                       :83   [32m                  [0;39m ------------- 结束 耗时：185 ms -------------
2021-07-09 19:13:21.631 INFO  com.cq.hwh.interceptor.LoginInterceptor           :73   [32m                  [0;39m ------------- LoginInterceptor 结束 耗时：250 ms -------------
2021-07-09 19:13:54.520 INFO  o.s.scheduling.concurrent.ThreadPoolTaskExecutor  :218  [32m                  [0;39m Shutting down ExecutorService 'applicationTaskExecutor'
2021-07-09 19:13:54.520 INFO  com.zaxxer.hikari.HikariDataSource                :350  [32m                  [0;39m HikariPool-2 - Shutdown initiated...
2021-07-09 19:13:54.520 INFO  com.zaxxer.hikari.HikariDataSource                :352  [32m                  [0;39m HikariPool-2 - Shutdown completed.
2021-07-09 19:13:54.708 INFO  com.cq.hwh.config.LoveHwhApplication              :55   [32m                  [0;39m Starting LoveHwhApplication on LAPTOP-T0P8U4U3 with PID 4256 (D:\IdeaProjects\loveHWH\target\classes started by 程崎 in D:\IdeaProjects\loveHWH)
2021-07-09 19:13:54.708 INFO  com.cq.hwh.config.LoveHwhApplication              :651  [32m                  [0;39m No active profile set, falling back to default profiles: default
2021-07-09 19:13:55.116 INFO  o.s.boot.web.embedded.tomcat.TomcatWebServer      :108  [32m                  [0;39m Tomcat initialized with port(s): 8880 (http)
2021-07-09 19:13:55.117 INFO  org.apache.coyote.http11.Http11NioProtocol        :173  [32m                  [0;39m Initializing ProtocolHandler ["http-nio-8880"]
2021-07-09 19:13:55.117 INFO  org.apache.catalina.core.StandardService          :173  [32m                  [0;39m Starting service [Tomcat]
2021-07-09 19:13:55.117 INFO  org.apache.catalina.core.StandardEngine           :173  [32m                  [0;39m Starting Servlet engine: [Apache Tomcat/9.0.37]
2021-07-09 19:13:55.117 INFO  org.apache.catalina.core.AprLifecycleListener     :173  [32m                  [0;39m An older version [1.2.14] of the Apache Tomcat Native library is installed, while Tomcat recommends a minimum version of [1.2.23]
2021-07-09 19:13:55.118 INFO  org.apache.catalina.core.AprLifecycleListener     :173  [32m                  [0;39m Loaded Apache Tomcat Native library [1.2.14] using APR version [1.6.2].
2021-07-09 19:13:55.118 INFO  org.apache.catalina.core.AprLifecycleListener     :173  [32m                  [0;39m APR capabilities: IPv6 [true], sendfile [true], accept filters [false], random [true].
2021-07-09 19:13:55.118 INFO  org.apache.catalina.core.AprLifecycleListener     :173  [32m                  [0;39m APR/OpenSSL configuration: useAprConnector [false], useOpenSSL [true]
2021-07-09 19:13:55.118 INFO  org.apache.catalina.core.AprLifecycleListener     :173  [32m                  [0;39m OpenSSL successfully initialized [OpenSSL 1.0.2l  25 May 2017]
2021-07-09 19:13:55.129 INFO  o.a.c.core.ContainerBase.[Tomcat].[localhost].[/] :173  [32m                  [0;39m Initializing Spring embedded WebApplicationContext
2021-07-09 19:13:55.129 INFO  o.s.b.w.s.c.ServletWebServerApplicationContext    :285  [32m                  [0;39m Root WebApplicationContext: initialization completed in 421 ms
2021-07-09 19:13:55.483 INFO  o.s.scheduling.concurrent.ThreadPoolTaskExecutor  :181  [32m                  [0;39m Initializing ExecutorService 'applicationTaskExecutor'
2021-07-09 19:13:55.502 INFO  o.s.b.d.autoconfigure.OptionalLiveReloadServer    :58   [32m                  [0;39m LiveReload server is running on port 35729
2021-07-09 19:13:55.632 INFO  org.apache.coyote.http11.Http11NioProtocol        :173  [32m                  [0;39m Starting ProtocolHandler ["http-nio-8880"]
2021-07-09 19:13:55.639 INFO  o.s.boot.web.embedded.tomcat.TomcatWebServer      :220  [32m                  [0;39m Tomcat started on port(s): 8880 (http) with context path ''
2021-07-09 19:13:55.694 INFO  com.cq.hwh.config.LoveHwhApplication              :61   [32m                  [0;39m Started LoveHwhApplication in 1.007 seconds (JVM running for 403.386)
2021-07-09 19:13:55.696 INFO  o.s.b.d.a.ConditionEvaluationDeltaLoggingListener :63   [32m                  [0;39m Condition evaluation unchanged
2021-07-09 19:13:55.696 INFO  com.cq.hwh.config.LoveHwhApplication              :21   [32m                  [0;39m 启动成功！！
2021-07-09 19:13:55.696 INFO  com.cq.hwh.config.LoveHwhApplication              :22   [32m                  [0;39m 地址: 	http://127.0.0.1:8880
2021-07-09 19:13:55.932 INFO  o.a.c.core.ContainerBase.[Tomcat].[localhost].[/] :173  [32m                  [0;39m Initializing Spring DispatcherServlet 'dispatcherServlet'
2021-07-09 19:13:55.932 INFO  org.springframework.web.servlet.DispatcherServlet :525  [32m                  [0;39m Initializing Servlet 'dispatcherServlet'
2021-07-09 19:13:55.936 INFO  org.springframework.web.servlet.DispatcherServlet :547  [32m                  [0;39m Completed initialization in 4 ms
2021-07-09 19:14:10.498 INFO  com.cq.hwh.interceptor.LoginInterceptor           :33   [32m                  [0;39m ------------- LoginInterceptor 开始 -------------
2021-07-09 19:14:10.498 INFO  com.cq.hwh.interceptor.LoginInterceptor           :38   [32m                  [0;39m 从请求头里获取token：eyJhbGciOiJIUzI1NiJ9.eyJsb2dpbk5hbWUiOiJ0ZXN0IiwibmFtZSI6Iua1i-ivlSIsImlkIjoxLCJleHAiOjE2MjU5MTU0MjgsImlhdCI6MTYyNTgyOTAyOH0.2ieZGtd4gZARNmE6ASG14IfA7dU_qWTGCMoW-2HPpbY
2021-07-09 19:14:10.500 INFO  com.cq.hwh.interceptor.LoginInterceptor           :60   [32m                  [0;39m token：eyJhbGciOiJIUzI1NiJ9.eyJsb2dpbk5hbWUiOiJ0ZXN0IiwibmFtZSI6Iua1i-ivlSIsImlkIjoxLCJleHAiOjE2MjU5MTU0MjgsImlhdCI6MTYyNTgyOTAyOH0.2ieZGtd4gZARNmE6ASG14IfA7dU_qWTGCMoW-2HPpbY验证通过
2021-07-09 19:14:10.510 INFO  com.cq.hwh.aspect.LogAspect                       :45   [32m                  [0;39m ------------- 开始 -------------
2021-07-09 19:14:10.510 INFO  com.cq.hwh.aspect.LogAspect                       :46   [32m                  [0;39m 请求地址: http://localhost:8880/fileup/list GET
2021-07-09 19:14:10.510 INFO  com.cq.hwh.aspect.LogAspect                       :47   [32m                  [0;39m 类名方法: com.cq.hwh.controller.FileUpController.list
2021-07-09 19:14:10.510 INFO  com.cq.hwh.aspect.LogAspect                       :48   [32m                  [0;39m 远程地址: 0:0:0:0:0:0:0:1
2021-07-09 19:14:10.512 INFO  com.cq.hwh.aspect.LogAspect                       :70   [32m                  [0;39m 请求参数: [{"page":1,"size":12}]
2021-07-09 19:14:10.515 INFO  com.zaxxer.hikari.HikariDataSource                :110  [32m                  [0;39m HikariPool-3 - Starting...
2021-07-09 19:14:10.668 INFO  com.zaxxer.hikari.HikariDataSource                :123  [32m                  [0;39m HikariPool-3 - Start completed.
2021-07-09 19:14:10.701 INFO  com.cq.hwh.service.FileUpService                  :60   [32m                  [0;39m 总行数：1
2021-07-09 19:14:10.701 INFO  com.cq.hwh.service.FileUpService                  :61   [32m                  [0;39m 总页数：1
2021-07-09 19:14:10.705 INFO  com.cq.hwh.aspect.LogAspect                       :82   [32m                  [0;39m 返回结果: {"content":{"list":[{"categoryId":2,"createTime":1624550400000,"filePath":"测试图片/BoardingPass_MyNameOnFutureMission_1624556307659.png","id":6332185904270,"name":"测试图片"}],"total":1},"success":true}
2021-07-09 19:14:10.706 INFO  com.cq.hwh.aspect.LogAspect                       :83   [32m                  [0;39m ------------- 结束 耗时：197 ms -------------
2021-07-09 19:14:10.708 INFO  com.cq.hwh.interceptor.LoginInterceptor           :73   [32m                  [0;39m ------------- LoginInterceptor 结束 耗时：210 ms -------------
2021-07-09 19:15:06.254 INFO  o.s.scheduling.concurrent.ThreadPoolTaskExecutor  :218  [32m                  [0;39m Shutting down ExecutorService 'applicationTaskExecutor'
2021-07-09 19:15:06.254 INFO  com.zaxxer.hikari.HikariDataSource                :350  [32m                  [0;39m HikariPool-3 - Shutdown initiated...
2021-07-09 19:15:06.254 INFO  com.zaxxer.hikari.HikariDataSource                :352  [32m                  [0;39m HikariPool-3 - Shutdown completed.
2021-07-09 19:15:06.426 INFO  com.cq.hwh.config.LoveHwhApplication              :55   [32m                  [0;39m Starting LoveHwhApplication on LAPTOP-T0P8U4U3 with PID 4256 (D:\IdeaProjects\loveHWH\target\classes started by 程崎 in D:\IdeaProjects\loveHWH)
2021-07-09 19:15:06.426 INFO  com.cq.hwh.config.LoveHwhApplication              :651  [32m                  [0;39m No active profile set, falling back to default profiles: default
2021-07-09 19:15:06.879 INFO  o.s.boot.web.embedded.tomcat.TomcatWebServer      :108  [32m                  [0;39m Tomcat initialized with port(s): 8880 (http)
2021-07-09 19:15:06.879 INFO  org.apache.coyote.http11.Http11NioProtocol        :173  [32m                  [0;39m Initializing ProtocolHandler ["http-nio-8880"]
2021-07-09 19:15:06.879 INFO  org.apache.catalina.core.StandardService          :173  [32m                  [0;39m Starting service [Tomcat]
2021-07-09 19:15:06.879 INFO  org.apache.catalina.core.StandardEngine           :173  [32m                  [0;39m Starting Servlet engine: [Apache Tomcat/9.0.37]
2021-07-09 19:15:06.879 INFO  org.apache.catalina.core.AprLifecycleListener     :173  [32m                  [0;39m An older version [1.2.14] of the Apache Tomcat Native library is installed, while Tomcat recommends a minimum version of [1.2.23]
2021-07-09 19:15:06.879 INFO  org.apache.catalina.core.AprLifecycleListener     :173  [32m                  [0;39m Loaded Apache Tomcat Native library [1.2.14] using APR version [1.6.2].
2021-07-09 19:15:06.879 INFO  org.apache.catalina.core.AprLifecycleListener     :173  [32m                  [0;39m APR capabilities: IPv6 [true], sendfile [true], accept filters [false], random [true].
2021-07-09 19:15:06.879 INFO  org.apache.catalina.core.AprLifecycleListener     :173  [32m                  [0;39m APR/OpenSSL configuration: useAprConnector [false], useOpenSSL [true]
2021-07-09 19:15:06.879 INFO  org.apache.catalina.core.AprLifecycleListener     :173  [32m                  [0;39m OpenSSL successfully initialized [OpenSSL 1.0.2l  25 May 2017]
2021-07-09 19:15:06.895 INFO  o.a.c.core.ContainerBase.[Tomcat].[localhost].[/] :173  [32m                  [0;39m Initializing Spring embedded WebApplicationContext
2021-07-09 19:15:06.895 INFO  o.s.b.w.s.c.ServletWebServerApplicationContext    :285  [32m                  [0;39m Root WebApplicationContext: initialization completed in 453 ms
2021-07-09 19:15:07.240 INFO  o.s.scheduling.concurrent.ThreadPoolTaskExecutor  :181  [32m                  [0;39m Initializing ExecutorService 'applicationTaskExecutor'
2021-07-09 19:15:07.256 INFO  o.s.b.d.autoconfigure.OptionalLiveReloadServer    :58   [32m                  [0;39m LiveReload server is running on port 35729
2021-07-09 19:15:07.365 INFO  org.apache.coyote.http11.Http11NioProtocol        :173  [32m                  [0;39m Starting ProtocolHandler ["http-nio-8880"]
2021-07-09 19:15:07.381 INFO  o.s.boot.web.embedded.tomcat.TomcatWebServer      :220  [32m                  [0;39m Tomcat started on port(s): 8880 (http) with context path ''
2021-07-09 19:15:07.421 INFO  com.cq.hwh.config.LoveHwhApplication              :61   [32m                  [0;39m Started LoveHwhApplication in 1.023 seconds (JVM running for 475.125)
2021-07-09 19:15:07.421 INFO  o.s.b.d.a.ConditionEvaluationDeltaLoggingListener :63   [32m                  [0;39m Condition evaluation unchanged
2021-07-09 19:15:07.421 INFO  com.cq.hwh.config.LoveHwhApplication              :21   [32m                  [0;39m 启动成功！！
2021-07-09 19:15:07.421 INFO  com.cq.hwh.config.LoveHwhApplication              :22   [32m                  [0;39m 地址: 	http://127.0.0.1:8880
